Log file open, 10/28/17 23:15:41
LogInit:Display: Running engine for game: BombMan3D
LogPlatformFile: Not using cached read wrapper
LogInit:Display: RandInit(1385514645) SRandInit(1385514645).
LogTaskGraph: Started task graph with 5 named threads and 8 total threads with 1 sets of task threads.
LogStats: Stats thread started at 0.102667
LogInit: Using libcurl 7.47.1
LogInit:  - built for x86_64-pc-win32
LogInit:  - supports SSL with OpenSSL/1.0.2g
LogInit:  - supports HTTP deflate (compression) using libz 1.2.8
LogInit:  - other features:
LogInit:      CURL_VERSION_SSL
LogInit:      CURL_VERSION_LIBZ
LogInit:      CURL_VERSION_IPV6
LogInit:      CURL_VERSION_ASYNCHDNS
LogInit:      CURL_VERSION_LARGEFILE
LogInit:      CURL_VERSION_IDN
LogInit:  CurlRequestOptions (configurable via config and command line):
LogInit:  - bVerifyPeer = false  - Libcurl will NOT verify peer certificate
LogInit:  - bUseHttpProxy = false  - Libcurl will NOT use HTTP proxy
LogInit:  - bDontReuseConnections = false  - Libcurl will reuse connections
LogInit:  - CertBundlePath = nullptr  - Libcurl will use whatever was configured at build time.
LogInit: Build: ++UE4+Release-4.16-CL-3561208
LogInit: Engine Version: 4.16.3-3561208+++UE4+Release-4.16
LogInit: Compatible Engine Version: 4.16.0-3452394+++UE4+Release-4.16
LogInit: Net CL: 3452394
LogDevObjectVersion: Number of dev versions registered: 16
LogDevObjectVersion:   Dev-Blueprints (B0D832E4-1F89-4F0D-ACCF-7EB736FD4AA2): 9
LogDevObjectVersion:   Dev-Build (E1C64328-A22C-4D53-A36C-8E866417BD8C): 0
LogDevObjectVersion:   Dev-Core (375EC13C-06E4-48FB-B500-84F0262A717E): 2
LogDevObjectVersion:   Dev-Editor (E4B068ED-F494-42E9-A231-DA0B2E46BB41): 17
LogDevObjectVersion:   Dev-Framework (CFFC743F-43B0-4480-9391-14DF171D2073): 23
LogDevObjectVersion:   Dev-Mobile (B02B49B5-BB20-44E9-A304-32B752E40360): 0
LogDevObjectVersion:   Dev-Networking (A4E4105C-59A1-49B5-A7C5-40C4547EDFEE): 0
LogDevObjectVersion:   Dev-Online (39C831C9-5AE6-47DC-9A44-9C173E1C8E7C): 0
LogDevObjectVersion:   Dev-Physics (78F01B33-EBEA-4F98-B9B4-84EACCB95AA2): 0
LogDevObjectVersion:   Dev-Platform (6631380F-2D4D-43E0-8009-CF276956A95A): 0
LogDevObjectVersion:   Dev-Rendering (12F88B9F-8875-4AFC-A67C-D90C383ABD29): 15
LogDevObjectVersion:   Dev-Sequencer (7B5AE74C-D270-4C10-A958-57980B212A5A): 4
LogDevObjectVersion:   Dev-VR (D7296918-1DD6-4BDD-9DE2-64A83CC13884): 0
LogDevObjectVersion:   Dev-LoadTimes (C2A15278-BFE7-4AFE-6C17-90FF531DF755): 1
LogDevObjectVersion:   Private-Geometry (6EACA3D4-40EC-4CC1-B786-8BED09428FC5): 1
LogDevObjectVersion:   Dev-AnimPhys (29E575DD-E0A3-4627-9D10-D276232CDCEA): 3
LogInit: Compiled (64-bit): Jul 28 2017 11:49:47
LogInit: Compiled with Visual C++: 19.00.24215.01
LogInit: Build Configuration: Development
LogInit: Branch Name: ++UE4+Release-4.16
LogInit: Command line: -EpicPortal 
LogInit: Base directory: D:/UE4/UE_4.16/Engine/Binaries/Win64/
LogInit: Installed Engine Build: 1
LogInit: Presizing for max 8388607 objects, including 0 objects not considered by GC, pre-allocating 0 bytes for permanent pool.
LogInit: Object subsystem initialized
[2017.10.28-15.15.41:813][  0]LogInit: Selected Device Profile: [Windows]
[2017.10.28-15.15.41:813][  0]LogInit: Applying CVar settings loaded from the selected device profile: [Windows]
[2017.10.28-15.15.42:108][  0]LogInit: Computer: DESKTOP-3R27BO6
[2017.10.28-15.15.42:108][  0]LogInit: User: ll644
[2017.10.28-15.15.42:108][  0]LogInit: CPU Page size=4096, Cores=4
[2017.10.28-15.15.42:108][  0]LogInit: High frequency timer resolution =2.630627 MHz
[2017.10.28-15.15.42:108][  0]LogMemory: Memory total: Physical=7.9GB (8GB approx)
[2017.10.28-15.15.42:108][  0]LogMemory: Platform Memory Stats for Windows
[2017.10.28-15.15.42:108][  0]LogMemory: Process Physical Memory: 275.72 MB used, 275.72 MB peak
[2017.10.28-15.15.42:108][  0]LogMemory: Process Virtual Memory: 262.87 MB used, 262.87 MB peak
[2017.10.28-15.15.42:108][  0]LogMemory: Physical Memory: 6204.99 MB used,  1872.85 MB free, 8077.84 MB total
[2017.10.28-15.15.42:108][  0]LogMemory: Virtual Memory: 673.61 MB used,  1872.85 MB free, 134217728.00 MB total
[2017.10.28-15.15.42:382][  0]LogInit: Using OS detected language (zh-CN).
[2017.10.28-15.15.42:382][  0]LogInit: Using OS detected locale (zh-CN).
[2017.10.28-15.15.43:226][  0]LogD3D11RHI: D3D11 adapters:
[2017.10.28-15.15.43:294][  0]LogD3D11RHI:    0. 'NVIDIA GeForce GTX 970M' (Feature Level 11_0)
[2017.10.28-15.15.43:294][  0]LogD3D11RHI:       3040/0/4038 MB DedicatedVideo/DedicatedSystem/SharedSystem, Outputs:1, VendorId:0x10de
[2017.10.28-15.15.43:300][  0]LogD3D11RHI:    1. 'Intel(R) HD Graphics 5600' (Feature Level 11_0)
[2017.10.28-15.15.43:300][  0]LogD3D11RHI:       128/0/4038 MB DedicatedVideo/DedicatedSystem/SharedSystem, Outputs:0, VendorId:0x8086
[2017.10.28-15.15.43:302][  0]LogD3D11RHI:    2. 'Microsoft Basic Render Driver' (Feature Level 11_0)
[2017.10.28-15.15.43:303][  0]LogD3D11RHI:       0/0/4038 MB DedicatedVideo/DedicatedSystem/SharedSystem, Outputs:0, VendorId:0x1414
[2017.10.28-15.15.43:303][  0]LogD3D11RHI: Chosen D3D11 Adapter: 0
[2017.10.28-15.15.43:318][  0]LogD3D11RHI: Creating new Direct3DDevice
[2017.10.28-15.15.43:318][  0]LogD3D11RHI:     GPU DeviceId: 0x13d8 (for the marketing name, search the web for "GPU Device Id")
[2017.10.28-15.15.43:318][  0]LogWindows: EnumDisplayDevices:
[2017.10.28-15.15.43:318][  0]LogWindows:    0. 'Intel(R) HD Graphics 5600' (P:1 D:1)
[2017.10.28-15.15.43:318][  0]LogWindows:    1. 'Intel(R) HD Graphics 5600' (P:0 D:0)
[2017.10.28-15.15.43:318][  0]LogWindows:    2. 'Intel(R) HD Graphics 5600' (P:0 D:0)
[2017.10.28-15.15.43:318][  0]LogWindows: DebugString: GetVideoDriverDetailsInvalid PrimaryIsNotTheChoosenAdapter GetVideoDriverDetailsInvalid PrimaryIsNotTheChoosenAdapter GetVideoDriverDetailsInvalid PrimaryIsNotTheChoosenAdapter FoundDriverCount:0 
[2017.10.28-15.15.43:318][  0]LogD3D11RHI:     Adapter Name: NVIDIA GeForce GTX 970M
[2017.10.28-15.15.43:318][  0]LogD3D11RHI:   Driver Version: Unknown (internal:Unknown, unified:Unknown)
[2017.10.28-15.15.43:318][  0]LogD3D11RHI:      Driver Date: Unknown
[2017.10.28-15.15.43:318][  0]LogRHI: Texture pool is 1361 MB (70% of 1945 MB)
[2017.10.28-15.15.43:347][  0]LogD3D11RHI: Async texture creation enabled
[2017.10.28-15.15.43:427][  0]LogD3D11RHI: GPU Timing Frequency: 1000.000000 (Debug: 2 1)
[2017.10.28-15.15.43:430][  0]LogShaderCompilers: Guid format shader working directory is 15 characters bigger than the processId version (E:/workspace/UE4/Team/BombMan3D/Intermediate/Shaders/WorkingDirectory/2188/).
[2017.10.28-15.15.43:430][  0]LogShaderCompilers: Cleaned the shader compiler working directory 'C:/Users/ll644/AppData/Local/Temp/UnrealShaderWorkingDir/132ED22B49F21349C4AA439A5A321E9D/'.
[2017.10.28-15.15.43:430][  0]LogShaderCompilers:Display: Using Local Shader Compiler.
[2017.10.28-15.15.44:580][  0]LogTemp:Display: Loaded TP AllDesktopTargetPlatform
[2017.10.28-15.15.44:627][  0]LogTemp:Display: Loaded TP MacClientTargetPlatform
[2017.10.28-15.15.44:693][  0]LogTemp:Display: Loaded TP MacNoEditorTargetPlatform
[2017.10.28-15.15.44:738][  0]LogTemp:Display: Loaded TP MacServerTargetPlatform
[2017.10.28-15.15.44:778][  0]LogTemp:Display: Loaded TP MacTargetPlatform
[2017.10.28-15.15.44:834][  0]LogTemp:Display: Loaded TP WindowsClientTargetPlatform
[2017.10.28-15.15.44:900][  0]LogTemp:Display: Loaded TP WindowsNoEditorTargetPlatform
[2017.10.28-15.15.44:981][  0]LogTemp:Display: Loaded TP WindowsServerTargetPlatform
[2017.10.28-15.15.45:024][  0]LogTemp:Display: Loaded TP WindowsTargetPlatform
[2017.10.28-15.15.45:096][  0]LogTemp:Display: Loaded TP AndroidTargetPlatform
[2017.10.28-15.15.45:140][  0]LogTemp:Display: Loaded TP Android_ASTCTargetPlatform
[2017.10.28-15.15.45:187][  0]LogTemp:Display: Loaded TP Android_ATCTargetPlatform
[2017.10.28-15.15.45:239][  0]LogTemp:Display: Loaded TP Android_DXTTargetPlatform
[2017.10.28-15.15.45:293][  0]LogTemp:Display: Loaded TP Android_ETC1TargetPlatform
[2017.10.28-15.15.45:340][  0]LogTemp:Display: Loaded TP Android_ETC2TargetPlatform
[2017.10.28-15.15.45:456][  0]LogTemp:Display: Loaded TP Android_MultiTargetPlatform
[2017.10.28-15.15.45:456][  0]LogTemp:Display: Loaded TP Android_PVRTCTargetPlatform
[2017.10.28-15.15.45:490][  0]LogTemp:Display: Loaded TP HTML5TargetPlatform
[2017.10.28-15.15.45:588][  0]LogTemp:Display: Loaded TP IOSTargetPlatform
[2017.10.28-15.15.45:611][  0]LogTemp:Display: Loaded TP TVOSTargetPlatform
[2017.10.28-15.15.45:684][  0]LogTemp:Display: Loaded TP LinuxClientTargetPlatform
[2017.10.28-15.15.45:739][  0]LogTemp:Display: Loaded TP LinuxNoEditorTargetPlatform
[2017.10.28-15.15.45:784][  0]LogTemp:Display: Loaded TP LinuxServerTargetPlatform
[2017.10.28-15.15.45:824][  0]LogTemp:Display: Loaded TP LinuxTargetPlatform
[2017.10.28-15.15.45:824][  0]LogTargetPlatformManager:Display: Building Assets For Windows
[2017.10.28-15.15.46:211][  0]LogDerivedDataCache:Display: Max Cache Size: 512 MB
[2017.10.28-15.15.46:348][  0]LogDerivedDataCache: Loaded boot cache 0.14s 90MB C:/Users/ll644/AppData/Local/UnrealEngine/4.16/DerivedDataCache/Boot.ddc.
[2017.10.28-15.15.46:348][  0]LogDerivedDataCache:Display: Loaded Boot cache: C:/Users/ll644/AppData/Local/UnrealEngine/4.16/DerivedDataCache/Boot.ddc
[2017.10.28-15.15.46:348][  0]LogDerivedDataCache: FDerivedDataBackendGraph:  Pak pak cache file E:/workspace/UE4/Team/BombMan3D/DerivedDataCache/DDC.ddp not found, will not use a pak cache.
[2017.10.28-15.15.46:348][  0]LogDerivedDataCache: Unable to find inner node Pak for hierarchical cache Hierarchy.
[2017.10.28-15.15.46:348][  0]LogDerivedDataCache: FDerivedDataBackendGraph:  CompressedPak pak cache file E:/workspace/UE4/Team/BombMan3D/DerivedDataCache/Compressed.ddp not found, will not use a pak cache.
[2017.10.28-15.15.46:348][  0]LogDerivedDataCache: Unable to find inner node CompressedPak for hierarchical cache Hierarchy.
[2017.10.28-15.15.46:365][  0]LogDerivedDataCache:Display: Pak cache opened for reading ../../../Engine/DerivedDataCache/Compressed.ddp.
[2017.10.28-15.15.46:378][  0]LogDerivedDataCache: Using Local data cache path C:/Users/ll644/AppData/Local/UnrealEngine/Common/DerivedDataCache: Writable
[2017.10.28-15.15.46:388][  0]LogMaterial: Verifying Global Shaders for PCD3D_SM5
[2017.10.28-15.15.46:389][  0]LogSlate: Using Freetype 2.6.0
[2017.10.28-15.15.46:389][  0]LogSlate: SlateFontCache - WITH_FREETYPE: 1, WITH_HARFBUZZ: 1
[2017.10.28-15.15.46:389][  0]LogSlate: SlateFontCache - WITH_FREETYPE: 1, WITH_HARFBUZZ: 1
[2017.10.28-15.15.46:712][  0]LogInit: Selected Device Profile: [Windows]
[2017.10.28-15.15.46:823][  0]LogContentStreaming: Texture pool size is 0.00 MB
[2017.10.28-15.15.47:012][  0]LogMeshUtilities: Using QuadricMeshReduction for automatic static mesh reduction
[2017.10.28-15.15.47:052][  0]LogSimplygon: Simplygon DLL not present - disabling.
[2017.10.28-15.15.47:120][  0]LogMeshUtilities: Using SimplygonSwarm for distributed automatic mesh merging
[2017.10.28-15.15.47:120][  0]LogMeshUtilities: No automatic skeletal mesh reduction module available
[2017.10.28-15.15.47:120][  0]LogMeshUtilities: No automatic mesh merging module available
[2017.10.28-15.15.47:722][  0]LogNetVersion: BombMan3D , NetCL: 3452394, EngineNetVer: 2, GameNetVer: 0 (Checksum: 338343142)
[2017.10.28-15.15.47:785][  0]LogAssetRegistry: FAssetRegistry took 0.0259 seconds to start up
[2017.10.28-15.15.47:890][  0]LogPackageLocalizationCache: Processed 4 localized package path(s) for 4 prioritized culture(s) in 0.087292 seconds
[2017.10.28-15.15.47:896][  0]LogUObjectArray: 34194 objects as part of root set at end of initial load.
[2017.10.28-15.15.47:896][  0]LogUObjectAllocator: 7260416 out of 0 bytes used by permanent object pool.
[2017.10.28-15.15.47:896][  0]LogUObjectArray: CloseDisregardForGC: 0/0 objects in disregard for GC pool
[2017.10.28-15.15.47:942][  0]LogInit: WinSock: version 1.1 (2.2), MaxSocks=32767, MaxUdp=65467
[2017.10.28-15.15.50:666][  0]LogTcpMessaging: Initializing TcpMessaging bridge
[2017.10.28-15.15.50:698][  0]LogUdpMessaging: Initializing bridge on interface 0.0.0.0:0 to multicast group 230.0.0.1:6666.
[2017.10.28-15.15.51:220][  0]LogMaterial: Uniform references updated for custom material expression Custom.
[2017.10.28-15.15.51:697][  0]SourceControl: 信息 源码控制已禁用
[2017.10.28-15.15.53:898][  0]LogAndroidPermission: UAndroidPermissionCallbackProxy::GetInstance
[2017.10.28-15.15.54:581][  0]LogEngine: Initializing Engine...
[2017.10.28-15.15.54:582][  0]LogHMD: Failed to initialize OpenVR with code 110
[2017.10.28-15.15.54:857][  0]LogStats: UGameplayTagsManager::ConstructGameplayTagTree: Construct from data asset -  0.000 s
[2017.10.28-15.15.54:858][  0]LogStats: UGameplayTagsManager::ConstructGameplayTagTree: GameplayTagTreeChangedEvent.Broadcast -  0.000 s
[2017.10.28-15.15.54:988][  0]LogAIModule: Creating AISystem for world Untitled
[2017.10.28-15.15.54:995][  0]LogInit: XAudio2 using '扬声器 (Realtek High Definition Audio)' : 6 channels at 48 kHz using 32 bits per sample (channel mask 0x3f)
[2017.10.28-15.15.55:149][  0]LogInit: FAudioDevice initialized.
[2017.10.28-15.15.55:221][  0]LogDerivedDataCache: Saved boot cache 0.07s 90MB C:/Users/ll644/AppData/Local/UnrealEngine/4.16/DerivedDataCache/Boot.ddc.
[2017.10.28-15.15.55:239][  0]LogInit: Texture streaming: Enabled
[2017.10.28-15.15.55:326][  0]LogEngineSessionManager: EngineSessionManager initialized
[2017.10.28-15.15.55:576][  0]LogInit: Transaction tracking system initialized
[2017.10.28-15.15.55:820][  0]BlueprintLog: New page: 编辑器加载
[2017.10.28-15.15.56:591][  0]LocalizationService: 信息 本地化服务已被禁用
[2017.10.28-15.15.57:162][  0]LogConsoleResponse:Display: 
[2017.10.28-15.15.57:528][  0]LogCook:Display: Max memory allowance for cook 16384mb min free memory 0mb
[2017.10.28-15.15.57:528][  0]LogCook:Display: Mobile HDR setting 1
[2017.10.28-15.15.57:739][  0]LogFileCache: Scanning file cache for directory 'E:/workspace/UE4/Team/BombMan3D/Content/' took 0.07s
[2017.10.28-15.15.58:869][  0]Cmd: MAP LOAD FILE="E:/workspace/UE4/Team/BombMan3D/Content/FirstPersonBP/Maps/FirstPersonExampleMap.umap" TEMPLATE=0 SHOWPROGRESS=1 FEATURELEVEL=3
[2017.10.28-15.15.58:926][  0]LightingResults: New page: 光照构建
[2017.10.28-15.15.58:957][  0]MapCheck: New page: 地图检测
[2017.10.28-15.15.58:957][  0]LightingResults: New page: 光照构建
[2017.10.28-15.16.04:602][  0]LogAIModule: Creating AISystem for world FirstPersonExampleMap
[2017.10.28-15.16.04:882][  0]LogEditorServer: Finished looking for orphan Actors (0.000 secs)
[2017.10.28-15.16.04:946][  0]Cmd: MAP CHECKDEP NOCLEARLOG
[2017.10.28-15.16.04:989][  0]MapCheck: 信息 地图检测完成：0个错误，0 个警告，用时42.309毫秒完成。
[2017.10.28-15.16.04:989][  0]LogFileHelpers: Loading map 'FirstPersonExampleMap' took 6.119
[2017.10.28-15.16.05:086][  0]LogWindowsTextInputMethodSystem:Display: IME system now activated using TSF (微软拼音).
[2017.10.28-15.16.05:781][  0]LogCollectionManager: Loaded 0 collections in 0.001214 seconds
[2017.10.28-15.16.05:856][  0]LogFileCache: Scanning file cache for directory 'E:/workspace/UE4/Team/BombMan3D/Saved/Collections/' took 0.01s
[2017.10.28-15.16.05:856][  0]LogFileCache: Scanning file cache for directory 'E:/workspace/UE4/Team/BombMan3D/Content/Developers/ll644/Collections/' took 0.01s
[2017.10.28-15.16.05:856][  0]LogFileCache: Scanning file cache for directory 'E:/workspace/UE4/Team/BombMan3D/Content/Collections/' took 0.01s
[2017.10.28-15.16.05:856][  0]LogCollectionManager: Rebuilt the GUID cache for 0 collections in 0.000002 seconds
[2017.10.28-15.16.05:866][  0]LogContentBrowser: Native class hierarchy populated in 0.0093 seconds. Added 2329 classes and 491 folders.
[2017.10.28-15.16.05:915][  0]LogContentBrowser: Native class hierarchy updated for 'WidgetCarousel' in 0.0005 seconds. Added 0 classes and 0 folders.
[2017.10.28-15.16.07:244][  0]LogContentBrowser: Native class hierarchy updated for 'AddContentDialog' in 0.0013 seconds. Added 0 classes and 0 folders.
[2017.10.28-15.16.07:322][  0]LogContentBrowser: Native class hierarchy updated for 'SceneOutliner' in 0.0006 seconds. Added 1 classes and 2 folders.
[2017.10.28-15.16.07:757][  0]LogCrashTracker: Crashtracker disabled due to settings.
[2017.10.28-15.16.07:816][  0]LogUObjectGlobals:Warning: 寻找对象'Class 无.'失败
[2017.10.28-15.16.07:874][  0]LogContentBrowser: Native class hierarchy updated for 'HierarchicalLODOutliner' in 0.0006 seconds. Added 1 classes and 2 folders.
[2017.10.28-15.16.07:874][  0]LogLoad: (Engine Initialization) Total time: 28.92 seconds
[2017.10.28-15.16.07:874][  0]LogLoad: (Engine Initialization) Total Blueprint compile time: 0.58 seconds
[2017.10.28-15.16.07:874][  0]LogExternalProfiler: No external profilers were discovered.  External profiling features will not be available.
[2017.10.28-15.16.07:893][  0]LogOcInput: OculusInput pre-init called
[2017.10.28-15.16.07:893][  0]LogHMD: Starting GearVRController plugin
[2017.10.28-15.16.07:957][  0]SourceControl: 信息 On branch master
[2017.10.28-15.16.07:957][  0]SourceControl: 信息 Your branch is ahead of 'origin/master' by 2 commits.
[2017.10.28-15.16.07:957][  0]SourceControl: 信息   (use "git push" to publish your local commits)
[2017.10.28-15.16.07:957][  0]SourceControl: 信息 Changes not staged for commit:
[2017.10.28-15.16.07:957][  0]SourceControl: 信息   (use "git add <file>..." to update what will be committed)
[2017.10.28-15.16.07:957][  0]SourceControl: 信息   (use "git checkout -- <file>..." to discard changes in working directory)
[2017.10.28-15.16.07:957][  0]SourceControl: 信息 	modified:   Saved/Config/Windows/Engine.ini
[2017.10.28-15.16.07:957][  0]SourceControl: 信息 	modified:   Saved/Logs/BombMan3D.log
[2017.10.28-15.16.07:957][  0]SourceControl: 信息 Untracked files:
[2017.10.28-15.16.07:957][  0]SourceControl: 信息   (use "git add <file>..." to include in what will be committed)
[2017.10.28-15.16.07:957][  0]SourceControl: 信息 	Saved/Config/CrashReportClient/UE4CC-Windows-A849024844C27D7A7FAE0EBF9FA26C76/
[2017.10.28-15.16.07:957][  0]SourceControl: 信息 	Saved/Logs/BombMan3D-backup-2017.10.28-23.15.41.log
[2017.10.28-15.16.07:957][  0]SourceControl: 信息 no changes added to commit (use "git add" and/or "git commit -a")
[2017.10.28-15.16.07:958][  0]LogContentStreaming: Texture pool size now 800 MB
[2017.10.28-15.16.07:959][  0]LogSlate: Took 0.000390 seconds to synchronously load lazily loaded font '../../../Engine/Content/Slate/Fonts/Roboto-Regular.ttf' (155K)
[2017.10.28-15.16.07:965][  0]LogSlate: Took 0.004251 seconds to synchronously load lazily loaded font '../../../Engine/Content/Slate/Fonts/DroidSansFallback.ttf' (3848K)
[2017.10.28-15.16.07:965][  0]LogSlate: Took 0.000246 seconds to synchronously load lazily loaded font '../../../Engine/Content/Slate/Fonts/Roboto-Bold.ttf' (160K)
[2017.10.28-15.16.08:014][  0]LogSlate: Took 0.019270 seconds to synchronously load lazily loaded font '../../../Engine/Content/Editor/Slate/Fonts/FontAwesome.ttf' (139K)
[2017.10.28-15.16.08:557][  0]LogRenderer: Reallocating scene render targets to support 820x380 NumSamples 1 (Frame:1).
[2017.10.28-15.16.08:837][  0]LogSlate: Took 0.031546 seconds to synchronously load lazily loaded font '../../../Engine/Content/Slate/Fonts/Roboto-Light.ttf' (159K)
[2017.10.28-15.16.08:940][  1]LogAssetRegistry: Asset discovery search completed in 21.1775 seconds
[2017.10.28-15.16.08:942][  1]LogCollectionManager: Rebuilt the object cache for 0 collections in 0.000002 seconds (found 0 objects)
[2017.10.28-15.16.08:942][  1]LogCollectionManager: Fixed up redirectors for 0 collections in 0.000127 seconds (updated 0 objects)
