Log file open, 10/28/17 00:22:09
LogInit:Display: Running engine for game: BombMan3D
LogPlatformFile: Not using cached read wrapper
LogInit:Display: RandInit(-675813790) SRandInit(-675813790).
LogTaskGraph: Started task graph with 5 named threads and 8 total threads with 1 sets of task threads.
LogStats: Stats thread started at 0.161874
LogInit: Using libcurl 7.47.1
LogInit:  - built for x86_64-pc-win32
LogInit:  - supports SSL with OpenSSL/1.0.2g
LogInit:  - supports HTTP deflate (compression) using libz 1.2.8
LogInit:  - other features:
LogInit:      CURL_VERSION_SSL
LogInit:      CURL_VERSION_LIBZ
LogInit:      CURL_VERSION_IPV6
LogInit:      CURL_VERSION_ASYNCHDNS
LogInit:      CURL_VERSION_LARGEFILE
LogInit:      CURL_VERSION_IDN
LogInit:  CurlRequestOptions (configurable via config and command line):
LogInit:  - bVerifyPeer = false  - Libcurl will NOT verify peer certificate
LogInit:  - bUseHttpProxy = false  - Libcurl will NOT use HTTP proxy
LogInit:  - bDontReuseConnections = false  - Libcurl will reuse connections
LogInit:  - CertBundlePath = nullptr  - Libcurl will use whatever was configured at build time.
LogInit: Build: ++UE4+Release-4.16-CL-3561208
LogInit: Engine Version: 4.16.3-3561208+++UE4+Release-4.16
LogInit: Compatible Engine Version: 4.16.0-3452394+++UE4+Release-4.16
LogInit: Net CL: 3452394
LogDevObjectVersion: Number of dev versions registered: 16
LogDevObjectVersion:   Dev-Blueprints (B0D832E4-1F89-4F0D-ACCF-7EB736FD4AA2): 9
LogDevObjectVersion:   Dev-Build (E1C64328-A22C-4D53-A36C-8E866417BD8C): 0
LogDevObjectVersion:   Dev-Core (375EC13C-06E4-48FB-B500-84F0262A717E): 2
LogDevObjectVersion:   Dev-Editor (E4B068ED-F494-42E9-A231-DA0B2E46BB41): 17
LogDevObjectVersion:   Dev-Framework (CFFC743F-43B0-4480-9391-14DF171D2073): 23
LogDevObjectVersion:   Dev-Mobile (B02B49B5-BB20-44E9-A304-32B752E40360): 0
LogDevObjectVersion:   Dev-Networking (A4E4105C-59A1-49B5-A7C5-40C4547EDFEE): 0
LogDevObjectVersion:   Dev-Online (39C831C9-5AE6-47DC-9A44-9C173E1C8E7C): 0
LogDevObjectVersion:   Dev-Physics (78F01B33-EBEA-4F98-B9B4-84EACCB95AA2): 0
LogDevObjectVersion:   Dev-Platform (6631380F-2D4D-43E0-8009-CF276956A95A): 0
LogDevObjectVersion:   Dev-Rendering (12F88B9F-8875-4AFC-A67C-D90C383ABD29): 15
LogDevObjectVersion:   Dev-Sequencer (7B5AE74C-D270-4C10-A958-57980B212A5A): 4
LogDevObjectVersion:   Dev-VR (D7296918-1DD6-4BDD-9DE2-64A83CC13884): 0
LogDevObjectVersion:   Dev-LoadTimes (C2A15278-BFE7-4AFE-6C17-90FF531DF755): 1
LogDevObjectVersion:   Private-Geometry (6EACA3D4-40EC-4CC1-B786-8BED09428FC5): 1
LogDevObjectVersion:   Dev-AnimPhys (29E575DD-E0A3-4627-9D10-D276232CDCEA): 3
LogInit: Compiled (64-bit): Jul 28 2017 11:49:47
LogInit: Compiled with Visual C++: 19.00.24215.01
LogInit: Build Configuration: Development
LogInit: Branch Name: ++UE4+Release-4.16
LogInit: Command line:  
LogInit: Base directory: D:/UE4/UE_4.16/Engine/Binaries/Win64/
LogInit: Installed Engine Build: 1
LogInit: Presizing for max 8388607 objects, including 0 objects not considered by GC, pre-allocating 0 bytes for permanent pool.
LogInit: Object subsystem initialized
[2017.10.27-16.22.09:928][  0]LogInit: Selected Device Profile: [Windows]
[2017.10.27-16.22.09:928][  0]LogInit: Applying CVar settings loaded from the selected device profile: [Windows]
[2017.10.27-16.22.10:005][  0]LogInit: Computer: DESKTOP-3R27BO6
[2017.10.27-16.22.10:005][  0]LogInit: User: ll644
[2017.10.27-16.22.10:005][  0]LogInit: CPU Page size=4096, Cores=4
[2017.10.27-16.22.10:005][  0]LogInit: High frequency timer resolution =2.630627 MHz
[2017.10.27-16.22.10:005][  0]LogMemory: Memory total: Physical=7.9GB (8GB approx)
[2017.10.27-16.22.10:005][  0]LogMemory: Platform Memory Stats for Windows
[2017.10.27-16.22.10:005][  0]LogMemory: Process Physical Memory: 275.93 MB used, 275.93 MB peak
[2017.10.27-16.22.10:005][  0]LogMemory: Process Virtual Memory: 262.77 MB used, 262.77 MB peak
[2017.10.27-16.22.10:005][  0]LogMemory: Physical Memory: 5065.07 MB used,  3012.77 MB free, 8077.84 MB total
[2017.10.27-16.22.10:005][  0]LogMemory: Virtual Memory: 673.61 MB used,  3012.77 MB free, 134217728.00 MB total
[2017.10.27-16.22.10:981][  0]LogInit: Using OS detected language (zh-CN).
[2017.10.27-16.22.10:981][  0]LogInit: Using OS detected locale (zh-CN).
[2017.10.27-16.22.15:750][  0]LogD3D11RHI: D3D11 adapters:
[2017.10.27-16.22.15:805][  0]LogD3D11RHI:    0. 'NVIDIA GeForce GTX 970M' (Feature Level 11_0)
[2017.10.27-16.22.15:805][  0]LogD3D11RHI:       3040/0/4038 MB DedicatedVideo/DedicatedSystem/SharedSystem, Outputs:1, VendorId:0x10de
[2017.10.27-16.22.15:812][  0]LogD3D11RHI:    1. 'Intel(R) HD Graphics 5600' (Feature Level 11_0)
[2017.10.27-16.22.15:812][  0]LogD3D11RHI:       128/0/4038 MB DedicatedVideo/DedicatedSystem/SharedSystem, Outputs:0, VendorId:0x8086
[2017.10.27-16.22.15:815][  0]LogD3D11RHI:    2. 'Microsoft Basic Render Driver' (Feature Level 11_0)
[2017.10.27-16.22.15:815][  0]LogD3D11RHI:       0/0/4038 MB DedicatedVideo/DedicatedSystem/SharedSystem, Outputs:0, VendorId:0x1414
[2017.10.27-16.22.15:815][  0]LogD3D11RHI: Chosen D3D11 Adapter: 0
[2017.10.27-16.22.15:823][  0]LogD3D11RHI: Creating new Direct3DDevice
[2017.10.27-16.22.15:823][  0]LogD3D11RHI:     GPU DeviceId: 0x13d8 (for the marketing name, search the web for "GPU Device Id")
[2017.10.27-16.22.15:823][  0]LogWindows: EnumDisplayDevices:
[2017.10.27-16.22.15:823][  0]LogWindows:    0. 'Intel(R) HD Graphics 5600' (P:1 D:1)
[2017.10.27-16.22.15:824][  0]LogWindows:    1. 'Intel(R) HD Graphics 5600' (P:0 D:0)
[2017.10.27-16.22.15:824][  0]LogWindows:    2. 'Intel(R) HD Graphics 5600' (P:0 D:0)
[2017.10.27-16.22.15:824][  0]LogWindows: DebugString: GetVideoDriverDetailsInvalid PrimaryIsNotTheChoosenAdapter GetVideoDriverDetailsInvalid PrimaryIsNotTheChoosenAdapter GetVideoDriverDetailsInvalid PrimaryIsNotTheChoosenAdapter FoundDriverCount:0 
[2017.10.27-16.22.15:824][  0]LogD3D11RHI:     Adapter Name: NVIDIA GeForce GTX 970M
[2017.10.27-16.22.15:824][  0]LogD3D11RHI:   Driver Version: Unknown (internal:Unknown, unified:Unknown)
[2017.10.27-16.22.15:824][  0]LogD3D11RHI:      Driver Date: Unknown
[2017.10.27-16.22.15:824][  0]LogRHI: Texture pool is 1361 MB (70% of 1945 MB)
[2017.10.27-16.22.15:853][  0]LogD3D11RHI: Async texture creation enabled
[2017.10.27-16.22.16:178][  0]LogD3D11RHI: GPU Timing Frequency: 1000.000000 (Debug: 2 1)
[2017.10.27-16.22.16:179][  0]LogShaderCompilers: Guid format shader working directory is 15 characters bigger than the processId version (E:/workspace/UE4/Team/BombMan3D/Intermediate/Shaders/WorkingDirectory/8524/).
[2017.10.27-16.22.16:180][  0]LogShaderCompilers: Cleaned the shader compiler working directory 'C:/Users/ll644/AppData/Local/Temp/UnrealShaderWorkingDir/845C96F7447E98A2BA45E6910C041336/'.
[2017.10.27-16.22.16:180][  0]LogShaderCompilers:Display: Using Local Shader Compiler.
[2017.10.27-16.22.20:036][  0]LogTemp:Display: Loaded TP AllDesktopTargetPlatform
[2017.10.27-16.22.20:083][  0]LogTemp:Display: Loaded TP MacClientTargetPlatform
[2017.10.27-16.22.20:127][  0]LogTemp:Display: Loaded TP MacNoEditorTargetPlatform
[2017.10.27-16.22.20:165][  0]LogTemp:Display: Loaded TP MacServerTargetPlatform
[2017.10.27-16.22.20:227][  0]LogTemp:Display: Loaded TP MacTargetPlatform
[2017.10.27-16.22.20:267][  0]LogTemp:Display: Loaded TP WindowsClientTargetPlatform
[2017.10.27-16.22.20:306][  0]LogTemp:Display: Loaded TP WindowsNoEditorTargetPlatform
[2017.10.27-16.22.20:350][  0]LogTemp:Display: Loaded TP WindowsServerTargetPlatform
[2017.10.27-16.22.20:401][  0]LogTemp:Display: Loaded TP WindowsTargetPlatform
[2017.10.27-16.22.20:456][  0]LogTemp:Display: Loaded TP AndroidTargetPlatform
[2017.10.27-16.22.20:497][  0]LogTemp:Display: Loaded TP Android_ASTCTargetPlatform
[2017.10.27-16.22.20:535][  0]LogTemp:Display: Loaded TP Android_ATCTargetPlatform
[2017.10.27-16.22.20:578][  0]LogTemp:Display: Loaded TP Android_DXTTargetPlatform
[2017.10.27-16.22.20:626][  0]LogTemp:Display: Loaded TP Android_ETC1TargetPlatform
[2017.10.27-16.22.20:668][  0]LogTemp:Display: Loaded TP Android_ETC2TargetPlatform
[2017.10.27-16.22.20:765][  0]LogTemp:Display: Loaded TP Android_MultiTargetPlatform
[2017.10.27-16.22.20:765][  0]LogTemp:Display: Loaded TP Android_PVRTCTargetPlatform
[2017.10.27-16.22.20:807][  0]LogTemp:Display: Loaded TP HTML5TargetPlatform
[2017.10.27-16.22.21:018][  0]LogTemp:Display: Loaded TP IOSTargetPlatform
[2017.10.27-16.22.21:042][  0]LogTemp:Display: Loaded TP TVOSTargetPlatform
[2017.10.27-16.22.21:079][  0]LogTemp:Display: Loaded TP LinuxClientTargetPlatform
[2017.10.27-16.22.21:114][  0]LogTemp:Display: Loaded TP LinuxNoEditorTargetPlatform
[2017.10.27-16.22.21:150][  0]LogTemp:Display: Loaded TP LinuxServerTargetPlatform
[2017.10.27-16.22.21:193][  0]LogTemp:Display: Loaded TP LinuxTargetPlatform
[2017.10.27-16.22.21:193][  0]LogTargetPlatformManager:Display: Building Assets For Windows
[2017.10.27-16.22.22:354][  0]LogDerivedDataCache:Display: Max Cache Size: 512 MB
[2017.10.27-16.22.22:884][  0]LogDerivedDataCache: Loaded boot cache 0.53s 90MB C:/Users/ll644/AppData/Local/UnrealEngine/4.16/DerivedDataCache/Boot.ddc.
[2017.10.27-16.22.22:884][  0]LogDerivedDataCache:Display: Loaded Boot cache: C:/Users/ll644/AppData/Local/UnrealEngine/4.16/DerivedDataCache/Boot.ddc
[2017.10.27-16.22.22:884][  0]LogDerivedDataCache: FDerivedDataBackendGraph:  Pak pak cache file E:/workspace/UE4/Team/BombMan3D/DerivedDataCache/DDC.ddp not found, will not use a pak cache.
[2017.10.27-16.22.22:884][  0]LogDerivedDataCache: Unable to find inner node Pak for hierarchical cache Hierarchy.
[2017.10.27-16.22.22:884][  0]LogDerivedDataCache: FDerivedDataBackendGraph:  CompressedPak pak cache file E:/workspace/UE4/Team/BombMan3D/DerivedDataCache/Compressed.ddp not found, will not use a pak cache.
[2017.10.27-16.22.22:884][  0]LogDerivedDataCache: Unable to find inner node CompressedPak for hierarchical cache Hierarchy.
[2017.10.27-16.22.22:978][  0]LogDerivedDataCache:Display: Pak cache opened for reading ../../../Engine/DerivedDataCache/Compressed.ddp.
[2017.10.27-16.22.22:992][  0]LogDerivedDataCache: Using Local data cache path C:/Users/ll644/AppData/Local/UnrealEngine/Common/DerivedDataCache: Writable
[2017.10.27-16.22.23:002][  0]LogMaterial: Verifying Global Shaders for PCD3D_SM5
[2017.10.27-16.22.23:002][  0]LogSlate: Using Freetype 2.6.0
[2017.10.27-16.22.23:068][  0]LogSlate: SlateFontCache - WITH_FREETYPE: 1, WITH_HARFBUZZ: 1
[2017.10.27-16.22.23:068][  0]LogSlate: SlateFontCache - WITH_FREETYPE: 1, WITH_HARFBUZZ: 1
[2017.10.27-16.22.28:136][  0]LogInit: Selected Device Profile: [Windows]
[2017.10.27-16.22.28:545][  0]LogContentStreaming: Texture pool size is 0.00 MB
[2017.10.27-16.22.28:970][  0]LogMeshUtilities: Using QuadricMeshReduction for automatic static mesh reduction
[2017.10.27-16.22.29:120][  0]LogSimplygon: Simplygon DLL not present - disabling.
[2017.10.27-16.22.29:173][  0]LogMeshUtilities: Using SimplygonSwarm for distributed automatic mesh merging
[2017.10.27-16.22.29:173][  0]LogMeshUtilities: No automatic skeletal mesh reduction module available
[2017.10.27-16.22.29:173][  0]LogMeshUtilities: No automatic mesh merging module available
[2017.10.27-16.22.31:838][  0]LogNetVersion: BombMan3D , NetCL: 3452394, EngineNetVer: 2, GameNetVer: 0 (Checksum: 338343142)
[2017.10.27-16.22.32:057][  0]LogAssetRegistry: FAssetRegistry took 0.0310 seconds to start up
[2017.10.27-16.22.32:346][  0]LogPackageLocalizationCache: Processed 4 localized package path(s) for 4 prioritized culture(s) in 0.249833 seconds
[2017.10.27-16.22.32:359][  0]LogUObjectArray: 34194 objects as part of root set at end of initial load.
[2017.10.27-16.22.32:359][  0]LogUObjectAllocator: 7260416 out of 0 bytes used by permanent object pool.
[2017.10.27-16.22.32:359][  0]LogUObjectArray: CloseDisregardForGC: 0/0 objects in disregard for GC pool
[2017.10.27-16.22.32:418][  0]LogInit: WinSock: version 1.1 (2.2), MaxSocks=32767, MaxUdp=65467
[2017.10.27-16.22.43:397][  0]LogTcpMessaging: Initializing TcpMessaging bridge
[2017.10.27-16.22.43:442][  0]LogUdpMessaging: Initializing bridge on interface 0.0.0.0:0 to multicast group 230.0.0.1:6666.
[2017.10.27-16.22.44:435][  0]LogMaterial: Uniform references updated for custom material expression Custom.
[2017.10.27-16.22.44:989][  0]SourceControl: 信息 源码控制已禁用
[2017.10.27-16.22.44:990][  0]SourceControl: 信息 源码控制已禁用
[2017.10.27-16.22.45:096][  0]SourceControl: 信息 源码控制已禁用
[2017.10.27-16.22.45:294][  0]SourceControl: 信息 源码控制已禁用
[2017.10.27-16.22.46:348][  0]LogAndroidPermission: UAndroidPermissionCallbackProxy::GetInstance
[2017.10.27-16.22.47:056][  0]LogEngine: Initializing Engine...
[2017.10.27-16.22.47:063][  0]LogHMD: Failed to initialize OpenVR with code 110
[2017.10.27-16.22.47:689][  0]LogStats: UGameplayTagsManager::ConstructGameplayTagTree: Construct from data asset -  0.000 s
[2017.10.27-16.22.47:689][  0]LogStats: UGameplayTagsManager::ConstructGameplayTagTree: GameplayTagTreeChangedEvent.Broadcast -  0.000 s
[2017.10.27-16.22.48:224][  0]LogAIModule: Creating AISystem for world Untitled
[2017.10.27-16.22.48:403][  0]LogInit: XAudio2 using '扬声器 (Realtek High Definition Audio)' : 6 channels at 48 kHz using 32 bits per sample (channel mask 0x3f)
[2017.10.27-16.22.48:485][  0]LogInit: FAudioDevice initialized.
[2017.10.27-16.22.48:602][  0]LogDerivedDataCache: Saved boot cache 0.12s 90MB C:/Users/ll644/AppData/Local/UnrealEngine/4.16/DerivedDataCache/Boot.ddc.
[2017.10.27-16.22.48:663][  0]LogInit: Texture streaming: Enabled
[2017.10.27-16.22.48:918][  0]LogEngineSessionManager: EngineSessionManager initialized
[2017.10.27-16.22.49:387][  0]LogInit: Transaction tracking system initialized
[2017.10.27-16.22.49:725][  0]BlueprintLog: New page: 编辑器加载
[2017.10.27-16.22.51:195][  0]LocalizationService: 信息 本地化服务已被禁用
[2017.10.27-16.22.52:409][  0]LogConsoleResponse:Display: 
[2017.10.27-16.22.54:565][  0]LogFileCache: Scanning file cache for directory 'E:/workspace/UE4/Team/BombMan3D/Content/' took 0.05s
[2017.10.27-16.22.54:565][  0]LogCook:Display: Max memory allowance for cook 16384mb min free memory 0mb
[2017.10.27-16.22.54:571][  0]LogCook:Display: Mobile HDR setting 1
[2017.10.27-16.22.56:531][  0]SourceControl: 信息 源码控制已禁用
[2017.10.27-16.22.56:580][  0]Cmd: MAP LOAD FILE="E:/workspace/UE4/Team/BombMan3D/Content/FirstPersonBP/Maps/FirstPersonExampleMap.umap" TEMPLATE=0 SHOWPROGRESS=1 FEATURELEVEL=3
[2017.10.27-16.22.56:658][  0]LightingResults: New page: 光照构建
[2017.10.27-16.22.56:866][  0]MapCheck: New page: 地图检测
[2017.10.27-16.22.56:866][  0]LightingResults: New page: 光照构建
[2017.10.27-16.23.00:744][  0]LogAIModule: Creating AISystem for world FirstPersonExampleMap
[2017.10.27-16.23.01:399][  0]LogEditorServer: Finished looking for orphan Actors (0.000 secs)
[2017.10.27-16.23.01:568][  0]Cmd: MAP CHECKDEP NOCLEARLOG
[2017.10.27-16.23.01:656][  0]MapCheck: 信息 地图检测完成：0个错误，0 个警告，用时81.186毫秒完成。
[2017.10.27-16.23.01:667][  0]LogFileHelpers: Loading map 'FirstPersonExampleMap' took 5.121
[2017.10.27-16.23.02:675][  0]LogCollectionManager: Loaded 0 collections in 0.001253 seconds
[2017.10.27-16.23.02:762][  0]LogFileCache: Scanning file cache for directory 'E:/workspace/UE4/Team/BombMan3D/Saved/Collections/' took 0.01s
[2017.10.27-16.23.02:762][  0]LogFileCache: Scanning file cache for directory 'E:/workspace/UE4/Team/BombMan3D/Content/Developers/ll644/Collections/' took 0.01s
[2017.10.27-16.23.02:762][  0]LogFileCache: Scanning file cache for directory 'E:/workspace/UE4/Team/BombMan3D/Content/Collections/' took 0.01s
[2017.10.27-16.23.02:762][  0]LogCollectionManager: Rebuilt the GUID cache for 0 collections in 0.000002 seconds
[2017.10.27-16.23.02:770][  0]LogContentBrowser: Native class hierarchy populated in 0.0084 seconds. Added 2329 classes and 491 folders.
[2017.10.27-16.23.02:880][  0]LogContentBrowser: Native class hierarchy updated for 'WidgetCarousel' in 0.0006 seconds. Added 0 classes and 0 folders.
[2017.10.27-16.23.04:331][  0]LogContentBrowser: Native class hierarchy updated for 'AddContentDialog' in 0.0006 seconds. Added 0 classes and 0 folders.
[2017.10.27-16.23.04:395][  0]LogContentBrowser: Native class hierarchy updated for 'SceneOutliner' in 0.0006 seconds. Added 1 classes and 2 folders.
[2017.10.27-16.23.04:804][  0]LogCrashTracker: Crashtracker disabled due to settings.
[2017.10.27-16.23.04:982][  0]LogSlate: Took 0.052957 seconds to synchronously load lazily loaded font '../../../Engine/Content/Slate/Fonts/Roboto-Regular.ttf' (155K)
[2017.10.27-16.23.05:047][  0]LogSlate: Took 0.061944 seconds to synchronously load lazily loaded font '../../../Engine/Content/Slate/Fonts/DroidSansFallback.ttf' (3848K)
[2017.10.27-16.23.05:067][  0]LogSlate: Took 0.019470 seconds to synchronously load lazily loaded font '../../../Engine/Content/Slate/Fonts/Roboto-Bold.ttf' (160K)
[2017.10.27-16.23.05:131][  0]LogSlate: Took 0.025414 seconds to synchronously load lazily loaded font '../../../Engine/Content/Editor/Slate/Fonts/FontAwesome.ttf' (139K)
[2017.10.27-16.23.05:605][  0]LogRenderer: Reallocating scene render targets to support 1208x600 NumSamples 1 (Frame:1).
[2017.10.27-16.23.06:580][  0]LogContentBrowser: Native class hierarchy updated for 'HierarchicalLODOutliner' in 0.0015 seconds. Added 1 classes and 2 folders.
[2017.10.27-16.23.06:581][  0]LogLoad: (Engine Initialization) Total time: 65.19 seconds
[2017.10.27-16.23.06:581][  0]LogLoad: (Engine Initialization) Total Blueprint compile time: 0.39 seconds
[2017.10.27-16.23.06:581][  0]LogExternalProfiler: No external profilers were discovered.  External profiling features will not be available.
[2017.10.27-16.23.07:005][  0]LogOcInput: OculusInput pre-init called
[2017.10.27-16.23.07:010][  0]LogHMD: Starting GearVRController plugin
[2017.10.27-16.23.07:129][  0]LogContentStreaming: Texture pool size now 1000 MB
[2017.10.27-16.23.07:299][  0]LogSlate: Took 0.016915 seconds to synchronously load lazily loaded font '../../../Engine/Content/Slate/Fonts/Roboto-Light.ttf' (159K)
[2017.10.27-16.23.08:356][  4]LogAssetRegistry: Asset discovery search completed in 36.3208 seconds
[2017.10.27-16.23.08:358][  4]LogCollectionManager: Rebuilt the object cache for 0 collections in 0.000000 seconds (found 0 objects)
[2017.10.27-16.23.08:358][  4]LogCollectionManager: Fixed up redirectors for 0 collections in 0.000048 seconds (updated 0 objects)
[2017.10.27-16.25.17:373][159]LogSlate: Took 0.000258 seconds to synchronously load lazily loaded font '../../../Engine/Content/Slate/Fonts/Roboto-Light.ttf' (159K)
[2017.10.27-16.25.20:335][176]LogSlate: Took 0.000219 seconds to synchronously load lazily loaded font '../../../Engine/Content/Slate/Fonts/Roboto-Light.ttf' (159K)
[2017.10.27-16.25.20:380][176]LogSynthBenchmark:Display: FSynthBenchmark (V0.95):  requested WorkScale=1.00
[2017.10.27-16.25.20:380][176]LogSynthBenchmark:Display: ===============
[2017.10.27-16.25.20:380][176]LogSynthBenchmark:Display: Main Processor:
[2017.10.27-16.25.20:437][176]LogSynthBenchmark:Display:          ... 0.033008 s/Run 'RayIntersect'
[2017.10.27-16.25.20:437][176]LogSynthBenchmark:Display:          ... 0.023653 s/Run 'Fractal'
[2017.10.27-16.25.20:437][176]LogSynthBenchmark:Display: 
[2017.10.27-16.25.20:437][176]LogSynthBenchmark:Display:   CompiledTarget_x_Bits: 64
[2017.10.27-16.25.20:437][176]LogSynthBenchmark:Display:   UE_BUILD_SHIPPING: 0
[2017.10.27-16.25.20:437][176]LogSynthBenchmark:Display:   UE_BUILD_TEST: 0
[2017.10.27-16.25.20:437][176]LogSynthBenchmark:Display:   UE_BUILD_DEBUG: 0
[2017.10.27-16.25.20:437][176]LogSynthBenchmark:Display:   TotalPhysicalGBRam: 8
[2017.10.27-16.25.20:437][176]LogSynthBenchmark:Display:   NumberOfCores (physical): 4
[2017.10.27-16.25.20:437][176]LogSynthBenchmark:Display:   NumberOfCores (logical): 8
[2017.10.27-16.25.20:437][176]LogSynthBenchmark:Display:   CPU Perf Index 0: 77.6 (weight 1.00)
[2017.10.27-16.25.20:437][176]LogSynthBenchmark:Display:   CPU Perf Index 1: 120.9 (weight 1.50)
[2017.10.27-16.25.20:437][176]LogSynthBenchmark:Display:  
[2017.10.27-16.25.20:437][176]LogSynthBenchmark:Display: Graphics:
[2017.10.27-16.25.20:437][176]LogSynthBenchmark:Display:   Adapter Name: 'NVIDIA GeForce GTX 970M'
[2017.10.27-16.25.20:437][176]LogSynthBenchmark:Display:   (On Optimus the name might be wrong, memory should be ok)
[2017.10.27-16.25.20:437][176]LogSynthBenchmark:Display:   Vendor Id: 0x10DE
[2017.10.27-16.25.20:437][176]LogSynthBenchmark:Display:   Device Id: 0x13D8
[2017.10.27-16.25.20:437][176]LogSynthBenchmark:Display:   Device Revision: 0xA1
[2017.10.27-16.25.20:437][176]LogSynthBenchmark:Display:   GPU Memory: 3041/0/4039 MB
[2017.10.27-16.25.20:605][176]LogSynthBenchmark:Display:   GPU first test: 0.01s
[2017.10.27-16.25.20:605][176]LogSynthBenchmark:Display:          ... 1.766 s/GigaPix, Confidence=100% 'ALUHeavyNoise' (likely to be very inaccurate)
[2017.10.27-16.25.20:605][176]LogSynthBenchmark:Display:          ... 1.691 s/GigaPix, Confidence=100% 'TexHeavy' (likely to be very inaccurate)
[2017.10.27-16.25.20:605][176]LogSynthBenchmark:Display:          ... 1.204 s/GigaPix, Confidence=89% 'DepTexHeavy' (likely to be very inaccurate)
[2017.10.27-16.25.20:605][176]LogSynthBenchmark:Display:          ... 3.982 s/GigaPix, Confidence=89% 'FillOnly' (likely to be very inaccurate)
[2017.10.27-16.25.20:605][176]LogSynthBenchmark:Display:          ... 0.304 s/GigaPix, Confidence=100% 'Bandwidth' (likely to be very inaccurate)
[2017.10.27-16.25.20:605][176]LogSynthBenchmark:Display:          ... 2.750 s/GigaVert, Confidence=19% 'VertThroughPut1' (likely to be very inaccurate)
[2017.10.27-16.25.20:605][176]LogSynthBenchmark:Display:          ... 4.756 s/GigaVert, Confidence=70% 'VertThroughPut2' (likely to be very inaccurate)
[2017.10.27-16.25.20:735][176]LogSynthBenchmark:Display:   GPU second test: 0.07s
[2017.10.27-16.25.20:735][176]LogSynthBenchmark:Display:          ... 3.545 s/GigaPix, Confidence=100% 'ALUHeavyNoise' (likely to be inaccurate)
[2017.10.27-16.25.20:735][176]LogSynthBenchmark:Display:          ... 2.824 s/GigaPix, Confidence=100% 'TexHeavy' (likely to be inaccurate)
[2017.10.27-16.25.20:735][176]LogSynthBenchmark:Display:          ... 2.512 s/GigaPix, Confidence=100% 'DepTexHeavy' (likely to be inaccurate)
[2017.10.27-16.25.20:735][176]LogSynthBenchmark:Display:          ... 14.244 s/GigaPix, Confidence=100% 'FillOnly' (likely to be inaccurate)
[2017.10.27-16.25.20:735][176]LogSynthBenchmark:Display:          ... 0.372 s/GigaPix, Confidence=100% 'Bandwidth' (likely to be inaccurate)
[2017.10.27-16.25.20:735][176]LogSynthBenchmark:Display:          ... 0.651 s/GigaVert, Confidence=89% 'VertThroughPut1' (likely to be inaccurate)
[2017.10.27-16.25.20:735][176]LogSynthBenchmark:Display:          ... 2.171 s/GigaVert, Confidence=100% 'VertThroughPut2' (likely to be inaccurate)
[2017.10.27-16.25.21:502][176]LogSynthBenchmark:Display:   GPU third test: 0.70s
[2017.10.27-16.25.21:502][176]LogSynthBenchmark:Display:          ... 4.014 s/GigaPix, Confidence=89% 'ALUHeavyNoise'
[2017.10.27-16.25.21:502][176]LogSynthBenchmark:Display:          ... 3.146 s/GigaPix, Confidence=100% 'TexHeavy'
[2017.10.27-16.25.21:503][176]LogSynthBenchmark:Display:          ... 2.917 s/GigaPix, Confidence=100% 'DepTexHeavy'
[2017.10.27-16.25.21:503][176]LogSynthBenchmark:Display:          ... 17.041 s/GigaPix, Confidence=100% 'FillOnly'
[2017.10.27-16.25.21:503][176]LogSynthBenchmark:Display:          ... 0.377 s/GigaPix, Confidence=100% 'Bandwidth'
[2017.10.27-16.25.21:503][176]LogSynthBenchmark:Display:          ... 0.594 s/GigaVert, Confidence=100% 'VertThroughPut1'
[2017.10.27-16.25.21:503][176]LogSynthBenchmark:Display:          ... 2.059 s/GigaVert, Confidence=100% 'VertThroughPut2'
[2017.10.27-16.25.21:503][176]LogSynthBenchmark:Display:   GPU Final Results:
[2017.10.27-16.25.21:503][176]LogSynthBenchmark:Display:          ... 4.014 s/GigaPix, Confidence=89% 'ALUHeavyNoise'
[2017.10.27-16.25.21:503][176]LogSynthBenchmark:Display:          ... 3.146 s/GigaPix, Confidence=100% 'TexHeavy'
[2017.10.27-16.25.21:503][176]LogSynthBenchmark:Display:          ... 2.917 s/GigaPix, Confidence=100% 'DepTexHeavy'
[2017.10.27-16.25.21:503][176]LogSynthBenchmark:Display:          ... 17.041 s/GigaPix, Confidence=100% 'FillOnly'
[2017.10.27-16.25.21:503][176]LogSynthBenchmark:Display:          ... 0.377 s/GigaPix, Confidence=100% 'Bandwidth'
[2017.10.27-16.25.21:503][176]LogSynthBenchmark:Display:          ... 0.594 s/GigaVert, Confidence=100% 'VertThroughPut1'
[2017.10.27-16.25.21:503][176]LogSynthBenchmark:Display:          ... 2.059 s/GigaVert, Confidence=100% 'VertThroughPut2'
[2017.10.27-16.25.21:503][176]LogSynthBenchmark:Display: 
[2017.10.27-16.25.21:503][176]LogSynthBenchmark:Display:   GPU Perf Index 0: 87.2 (weight 1.00)
[2017.10.27-16.25.21:503][176]LogSynthBenchmark:Display:   GPU Perf Index 1: 42.2 (weight 0.10)
[2017.10.27-16.25.21:503][176]LogSynthBenchmark:Display:   GPU Perf Index 2: 75.8 (weight 0.10)
[2017.10.27-16.25.21:503][176]LogSynthBenchmark:Display:   GPU Perf Index 3: 66.9 (weight 3.00)
[2017.10.27-16.25.21:503][176]LogSynthBenchmark:Display:   GPU Perf Index 4: 35.2 (weight 1.00)
[2017.10.27-16.25.21:503][176]LogSynthBenchmark:Display:   GPU Perf Index 5: 38.6 (weight 0.00)
[2017.10.27-16.25.21:503][176]LogSynthBenchmark:Display:   GPU Perf Index 6: 116.5 (weight 0.00)
[2017.10.27-16.25.21:503][176]LogSynthBenchmark:Display:   CPUIndex: 103.6
[2017.10.27-16.25.21:503][176]LogSynthBenchmark:Display:   GPUIndex: 64.4
[2017.10.27-16.25.21:503][176]LogSynthBenchmark:Display: 
[2017.10.27-16.25.21:503][176]LogSynthBenchmark:Display:          ... Total Time: 1.123197 sec
[2017.10.27-16.25.21:951][177]LogRenderer: Reallocating scene render targets to support 1208x600 NumSamples 1 (Frame:1657).
[2017.10.27-16.25.22:031][177]LogContentStreaming: Texture pool size now 800 MB
[2017.10.27-16.34.35:951][493]SourceControl: 信息 On branch master
[2017.10.27-16.34.35:951][493]SourceControl: 信息 No commits yet
[2017.10.27-16.34.35:951][493]SourceControl: 信息 Untracked files:
[2017.10.27-16.34.35:951][493]SourceControl: 信息   (use "git add <file>..." to include in what will be committed)
[2017.10.27-16.34.35:951][493]SourceControl: 信息 	BombMan3D/
[2017.10.27-16.34.35:951][493]SourceControl: 信息 nothing added to commit but untracked files present (use "git add" to track)
[2017.10.27-16.35.05:784][943]SourceControl: 信息 fatal: D:/UE4/UE_4.16/Engine/Content/: 'D:/UE4/UE_4.16/Engine/Content/' is outside repository
[2017.10.27-16.35.05:927][943]LogPackageName:Error: Illegal call to DoesPackageExist: 'E:/workspace/UE4/Team/BombMan3D/BombMan3D.uproject' is not a standard unreal filename or a long path name. Reason: 路径的字符数必须低于4。
[2017.10.27-16.35.06:338][943]LogStats: FPlatformStackWalk::StackWalkAndDump -  0.411 s
[2017.10.27-16.35.06:338][943]LogOutputDevice:Error: === Handled ensure: ===
[2017.10.27-16.35.06:338][943]LogOutputDevice:Error: 
[2017.10.27-16.35.06:338][943]LogOutputDevice:Error: Ensure condition failed: false [File:D:\Build\++UE4+Release-4.16+Compile\Sync\Engine\Source\Runtime\CoreUObject\Private\Misc\PackageName.cpp] [Line: 674]
[2017.10.27-16.35.06:338][943]LogOutputDevice:Error: Illegal call to DoesPackageExist: 'E:/workspace/UE4/Team/BombMan3D/BombMan3D.uproject' is not a standard unreal filename or a long path name. Reason: 路径的字符数必须低于4。
[2017.10.27-16.35.06:338][943]LogOutputDevice:Error: Stack: 
[2017.10.27-16.35.06:338][943]LogOutputDevice:Error: UE4Editor-Core.dll!0x000000007FC2E2B6
[2017.10.27-16.35.06:338][943]LogOutputDevice:Error: UE4Editor-Core.dll!0x000000007F9DB8C2
[2017.10.27-16.35.06:338][943]LogOutputDevice:Error: UE4Editor-Core.dll!0x000000007F9F1E86
[2017.10.27-16.35.06:338][943]LogOutputDevice:Error: UE4Editor-CoreUObject.dll!0x00000000806EE884
[2017.10.27-16.35.06:338][943]LogOutputDevice:Error: UE4Editor-SourceControl.dll!0x0000000080FB5EC2
[2017.10.27-16.35.06:338][943]LogOutputDevice:Error: UE4Editor-SourceControl.dll!0x0000000080FB6057
[2017.10.27-16.35.06:338][943]LogOutputDevice:Error: UE4Editor-SourceControlWindows.dll!0x0000000052B4390E
[2017.10.27-16.35.06:338][943]LogOutputDevice:Error: UE4Editor-SourceControlWindows.dll!0x0000000052B003C5
[2017.10.27-16.35.06:338][943]LogOutputDevice:Error: UE4Editor-SourceControlWindows.dll!0x0000000052AFF99D
[2017.10.27-16.35.06:338][943]LogOutputDevice:Error: UE4Editor-SourceControlWindows.dll!0x0000000052B14114
[2017.10.27-16.35.06:338][943]LogOutputDevice:Error: UE4Editor-GitSourceControl.dll!0x0000000050EC0549
[2017.10.27-16.35.06:338][943]LogOutputDevice:Error: UE4Editor-SourceControl.dll!0x0000000080FBA9AC
[2017.10.27-16.35.06:338][943]LogOutputDevice:Error: UE4Editor-UnrealEd.dll!0x000000005F7C408F
[2017.10.27-16.35.06:338][943]LogOutputDevice:Error: UE4Editor-UnrealEd.dll!0x000000005FFE8D86
[2017.10.27-16.35.06:338][943]LogOutputDevice:Error: UE4Editor.exe!0x0000000046CDE2B2
[2017.10.27-16.35.06:338][943]LogOutputDevice:Error: UE4Editor.exe!0x0000000046CCF0B0
[2017.10.27-16.35.06:338][943]LogOutputDevice:Error: UE4Editor.exe!0x0000000046CCF12A
[2017.10.27-16.35.06:338][943]LogOutputDevice:Error: UE4Editor.exe!0x0000000046CE0CF9
[2017.10.27-16.35.06:338][943]LogOutputDevice:Error: UE4Editor.exe!0x0000000046CE25F7
[2017.10.27-16.35.06:338][943]LogOutputDevice:Error: KERNEL32.DLL!0x00000000D1521FE4
[2017.10.27-16.35.06:338][943]LogOutputDevice:Error: ntdll.dll!0x00000000D165EF91
[2017.10.27-16.35.06:338][943]LogOutputDevice:Error: 
[2017.10.27-16.35.06:343][943]LogStats:                SubmitErrorReport -  0.000 s
[2017.10.27-16.35.10:148][943]LogStats:                    SendNewReport -  3.806 s
[2017.10.27-16.35.10:148][943]LogStats:             FDebug::EnsureFailed -  4.221 s
[2017.10.27-16.35.45:916][943]LogSourceControl: FGitCheckInWorker: commit successful
[2017.10.27-16.35.46:038][943]SourceControl: 信息 [master (root-commit) aab011f] test
[2017.10.27-16.35.46:038][943]SourceControl: 信息  2 files changed, 6 insertions(+)
[2017.10.27-16.35.46:038][943]SourceControl: 信息  create mode 100644 BombMan3D/BombMan3D.uproject
[2017.10.27-16.35.46:038][943]SourceControl: 信息  create mode 100644 BombMan3D/Content/FirstPersonBP/FirstPersonOverview.uasset
[2017.10.27-16.35.46:051][943]SourceControl: 信息 Commited [master (root-commit) aab011f] test.
[2017.10.27-16.35.56:100][275]SourceControl: 信息 On branch master
[2017.10.27-16.35.56:100][275]SourceControl: 信息 Untracked files:
[2017.10.27-16.35.56:100][275]SourceControl: 信息   (use "git add <file>..." to include in what will be committed)
[2017.10.27-16.35.56:100][275]SourceControl: 信息 	BombMan3D/Config/
[2017.10.27-16.35.56:100][275]SourceControl: 信息 	BombMan3D/Content/FirstPerson/
[2017.10.27-16.35.56:100][275]SourceControl: 信息 	BombMan3D/Content/FirstPersonBP/Blueprints/
[2017.10.27-16.35.56:100][275]SourceControl: 信息 	BombMan3D/Content/FirstPersonBP/Maps/
[2017.10.27-16.35.56:100][275]SourceControl: 信息 	BombMan3D/Content/Geometry/
[2017.10.27-16.35.56:100][275]SourceControl: 信息 	BombMan3D/Content/StarterContent/
[2017.10.27-16.35.56:100][275]SourceControl: 信息 	BombMan3D/Intermediate/
[2017.10.27-16.35.56:100][275]SourceControl: 信息 	BombMan3D/Saved/
[2017.10.27-16.35.56:100][275]SourceControl: 信息 nothing added to commit but untracked files present (use "git add" to track)
[2017.10.27-16.49.25:752][ 17]SourceControl: 信息 fatal: D:/UE4/UE_4.16/Engine/Content/: 'D:/UE4/UE_4.16/Engine/Content/' is outside repository
[2017.10.27-16.49.25:832][ 17]EditorErrors:Warning: 警告 没有要迁入的资源！
[2017.10.27-16.54.34:003][859]Cmd: QUIT_EDITOR
[2017.10.27-16.54.34:262][859]LogWindowsTextInputMethodSystem:Display: IME system now activated using TSF (微软拼音).
[2017.10.27-16.54.34:315][859]LogExit: Preparing to exit.
[2017.10.27-16.54.35:548][859]LogExit: Editor shut down
[2017.10.27-16.54.35:561][859]LogExit: Transaction tracking system shut down
[2017.10.27-16.54.37:510][859]LogObj: Freed 0b from 0 cluster array pools.
[2017.10.27-16.54.37:511][859]LogExit: Object subsystem successfully closed.
[2017.10.27-16.54.37:843][859]LogD3D11RHI: Shutdown
[2017.10.27-16.54.37:843][859]LogD3D11RHI: CleanupD3DDevice
[2017.10.27-16.54.38:016][859]LogD3D11RHI: ~FD3D11DynamicRHI
[2017.10.27-16.54.38:973][859]LogModuleManager: Shutting down and abandoning module SynthBenchmark (526)
[2017.10.27-16.54.38:983][859]LogModuleManager: Shutting down and abandoning module HierarchicalLODOutliner (524)
[2017.10.27-16.54.38:987][859]LogModuleManager: Shutting down and abandoning module CrashTracker (522)
[2017.10.27-16.54.38:988][859]LogModuleManager: Shutting down and abandoning module SceneOutliner (520)
[2017.10.27-16.54.38:998][859]LogModuleManager: Shutting down and abandoning module AddContentDialog (518)
[2017.10.27-16.54.39:015][859]LogDirectoryWatcher: A directory notification for 'D:/UE4/UE_4.16/FeaturePacks/' was aborted.
[2017.10.27-16.54.39:024][859]LogModuleManager: Shutting down and abandoning module WidgetCarousel (517)
[2017.10.27-16.54.39:024][859]LogModuleManager: Shutting down and abandoning module EditorWidgets (514)
[2017.10.27-16.54.39:024][859]LogModuleManager: Shutting down and abandoning module CollectionManager (512)
[2017.10.27-16.54.39:024][859]LogDirectoryWatcher: A directory notification for 'E:/workspace/UE4/Team/BombMan3D/Content/Collections/' was aborted.
[2017.10.27-16.54.39:024][859]LogDirectoryWatcher: A directory notification for 'E:/workspace/UE4/Team/BombMan3D/Content/Developers/ll644/Collections/' was aborted.
[2017.10.27-16.54.39:024][859]LogDirectoryWatcher: A directory notification for 'E:/workspace/UE4/Team/BombMan3D/Saved/Collections/' was aborted.
[2017.10.27-16.54.39:024][859]LogModuleManager: Shutting down and abandoning module StatsViewer (510)
[2017.10.27-16.54.39:045][859]LogModuleManager: Shutting down and abandoning module FoliageEdit (508)
[2017.10.27-16.54.39:045][859]LogModuleManager: Shutting down and abandoning module LandscapeEditor (506)
[2017.10.27-16.54.39:079][859]LogModuleManager: Shutting down and abandoning module MeshPaintMode (504)
[2017.10.27-16.54.39:079][859]LogModuleManager: Shutting down and abandoning module SceneDepthPickerMode (502)
[2017.10.27-16.54.39:079][859]LogModuleManager: Shutting down and abandoning module ActorPickerMode (500)
[2017.10.27-16.54.39:079][859]LogModuleManager: Shutting down and abandoning module GeometryMode (498)
[2017.10.27-16.54.39:079][859]LogModuleManager: Shutting down and abandoning module TextureAlignMode (496)
[2017.10.27-16.54.39:079][859]LogModuleManager: Shutting down and abandoning module BspMode (494)
[2017.10.27-16.54.39:097][859]LogModuleManager: Shutting down and abandoning module HardwareSurvey (492)
[2017.10.27-16.54.39:097][859]LogModuleManager: Shutting down and abandoning module SequenceRecorderSections (490)
[2017.10.27-16.54.39:097][859]LogModuleManager: Shutting down and abandoning module AutomationWorker (488)
[2017.10.27-16.54.39:110][859]LogModuleManager: Shutting down and abandoning module MatineeToLevelSequence (486)
[2017.10.27-16.54.39:122][859]LogModuleManager: Shutting down and abandoning module LevelSequenceEditor (484)
[2017.10.27-16.54.39:208][859]LogModuleManager: Shutting down and abandoning module PlacementMode (483)
[2017.10.27-16.54.39:208][859]LogModuleManager: Shutting down and abandoning module WmfMediaFactory (480)
[2017.10.27-16.54.39:208][859]LogModuleManager: Shutting down and abandoning module WmfMediaEditor (478)
[2017.10.27-16.54.39:208][859]LogModuleManager: Shutting down and abandoning module AvfMediaFactory (476)
[2017.10.27-16.54.39:208][859]LogModuleManager: Shutting down and abandoning module AvfMediaEditor (474)
[2017.10.27-16.54.39:208][859]LogModuleManager: Shutting down and abandoning module AndroidMediaFactory (472)
[2017.10.27-16.54.39:208][859]LogModuleManager: Shutting down and abandoning module Media (471)
[2017.10.27-16.54.39:208][859]LogModuleManager: Shutting down and abandoning module AndroidMediaEditor (468)
[2017.10.27-16.54.39:208][859]LogModuleManager: Shutting down and abandoning module CharacterAI (466)
[2017.10.27-16.54.39:208][859]LogModuleManager: Shutting down and abandoning module AudioCapture (464)
[2017.10.27-16.54.39:220][859]LogModuleManager: Shutting down and abandoning module SequenceRecorder (463)
[2017.10.27-16.54.39:220][859]LogModuleManager: Shutting down and abandoning module SmartSnapping (460)
[2017.10.27-16.54.39:221][859]LogModuleManager: Shutting down and abandoning module SessionServices (458)
[2017.10.27-16.54.39:221][859]LogModuleManager: Shutting down and abandoning module ViewportSnapping (456)
[2017.10.27-16.54.39:221][859]LogModuleManager: Shutting down and abandoning module ViewportInteraction (454)
[2017.10.27-16.54.39:221][859]LogModuleManager: Shutting down and abandoning module ClothPainter (452)
[2017.10.27-16.54.39:269][859]LogModuleManager: Shutting down and abandoning module LogVisualizer (450)
[2017.10.27-16.54.39:285][859]LogModuleManager: Shutting down and abandoning module IntroTutorials (448)
[2017.10.27-16.54.39:314][859]LogModuleManager: Shutting down and abandoning module GameProjectGeneration (447)
[2017.10.27-16.54.39:391][859]LogModuleManager: Shutting down and abandoning module EditorLiveStreaming (444)
[2017.10.27-16.54.39:391][859]LogModuleManager: Shutting down and abandoning module IOSPlatformEditor (442)
[2017.10.27-16.54.39:402][859]LogModuleManager: Shutting down and abandoning module HTML5PlatformEditor (440)
[2017.10.27-16.54.39:402][859]LogModuleManager: Shutting down and abandoning module AndroidPlatformEditor (438)
[2017.10.27-16.54.39:402][859]LogModuleManager: Shutting down and abandoning module AndroidDeviceDetection (437)
[2017.10.27-16.54.39:541][859]LogModuleManager: Shutting down and abandoning module IOSRuntimeSettings (434)
[2017.10.27-16.54.39:541][859]LogModuleManager: Shutting down and abandoning module AndroidRuntimeSettings (432)
[2017.10.27-16.54.39:541][859]LogModuleManager: Shutting down and abandoning module InputBindingEditor (430)
[2017.10.27-16.54.39:550][859]LogModuleManager: Shutting down and abandoning module MergeActors (428)
[2017.10.27-16.54.39:566][859]LogModuleManager: Shutting down and abandoning module SizeMap (426)
[2017.10.27-16.54.39:566][859]LogModuleManager: Shutting down and abandoning module TreeMap (424)
[2017.10.27-16.54.39:585][859]LogModuleManager: Shutting down and abandoning module ReferenceViewer (422)
[2017.10.27-16.54.39:607][859]LogModuleManager: Shutting down and abandoning module LocalizationDashboard (420)
[2017.10.27-16.54.39:616][859]LogModuleManager: Shutting down and abandoning module LocalizationService (419)
[2017.10.27-16.54.39:619][859]LogModuleManager: Shutting down and abandoning module HardwareTargeting (416)
[2017.10.27-16.54.39:619][859]LogModuleManager: Shutting down and abandoning module DeviceProfileEditor (414)
[2017.10.27-16.54.39:637][859]LogModuleManager: Shutting down and abandoning module UndoHistory (412)
[2017.10.27-16.54.39:650][859]LogModuleManager: Shutting down and abandoning module UserFeedback (410)
[2017.10.27-16.54.39:650][859]LogModuleManager: Shutting down and abandoning module XmlParser (408)
[2017.10.27-16.54.39:650][859]LogModuleManager: Shutting down and abandoning module Blutility (406)
[2017.10.27-16.54.39:667][859]LogModuleManager: Shutting down and abandoning module ProjectSettingsViewer (404)
[2017.10.27-16.54.39:667][859]LogModuleManager: Shutting down and abandoning module ProjectTargetPlatformEditor (403)
[2017.10.27-16.54.39:667][859]LogModuleManager: Shutting down and abandoning module EditorSettingsViewer (400)
[2017.10.27-16.54.39:667][859]LogModuleManager: Shutting down and abandoning module SettingsEditor (398)
[2017.10.27-16.54.39:681][859]LogModuleManager: Shutting down and abandoning module ProjectLauncher (396)
[2017.10.27-16.54.39:693][859]LogModuleManager: Shutting down and abandoning module SessionFrontend (394)
[2017.10.27-16.54.39:706][859]LogModuleManager: Shutting down and abandoning module ProfilerClient (392)
[2017.10.27-16.54.39:711][859]LogModuleManager: Shutting down and abandoning module DeviceManager (390)
[2017.10.27-16.54.39:728][859]LogModuleManager: Shutting down and abandoning module TargetDeviceServices (389)
[2017.10.27-16.54.39:781][859]LogModuleManager: Shutting down and abandoning module AutomationController (386)
[2017.10.27-16.54.39:793][859]LogModuleManager: Shutting down and abandoning module AutomationWindow (384)
[2017.10.27-16.54.39:820][859]LogModuleManager: Shutting down and abandoning module Layers (382)
[2017.10.27-16.54.39:840][859]LogModuleManager: Shutting down and abandoning module ComponentVisualizers (380)
[2017.10.27-16.54.39:840][859]LogModuleManager: Shutting down and abandoning module DetailCustomizations (378)
[2017.10.27-16.54.39:938][859]LogModuleManager: Shutting down and abandoning module PackagesDialog (376)
[2017.10.27-16.54.39:960][859]LogModuleManager: Shutting down and abandoning module Persona (374)
[2017.10.27-16.54.40:023][859]LogModuleManager: Shutting down and abandoning module AdvancedPreviewScene (373)
[2017.10.27-16.54.40:023][859]LogModuleManager: Shutting down and abandoning module AnimGraph (371)
[2017.10.27-16.54.40:023][859]LogModuleManager: Shutting down and abandoning module Kismet (368)
[2017.10.27-16.54.40:031][859]LogModuleManager: Shutting down and abandoning module ClassViewer (366)
[2017.10.27-16.54.40:031][859]LogModuleManager: Shutting down and abandoning module Toolbox (364)
[2017.10.27-16.54.40:031][859]LogModuleManager: Shutting down and abandoning module ModuleUI (362)
[2017.10.27-16.54.40:044][859]LogModuleManager: Shutting down and abandoning module MovieSceneTools (360)
[2017.10.27-16.54.40:059][859]LogModuleManager: Shutting down and abandoning module OutputLog (358)
[2017.10.27-16.54.40:070][859]LogModuleManager: Shutting down and abandoning module GammaUI (356)
[2017.10.27-16.54.40:082][859]LogModuleManager: Shutting down and abandoning module Documentation (354)
[2017.10.27-16.54.40:082][859]LogModuleManager: Shutting down and abandoning module MovieSceneTracks (352)
[2017.10.27-16.54.40:082][859]LogModuleManager: Shutting down and abandoning module MovieScene (350)
[2017.10.27-16.54.40:082][859]LogModuleManager: Shutting down and abandoning module Niagara (348)
[2017.10.27-16.54.40:082][859]LogModuleManager: Shutting down and abandoning module NiagaraEditor (347)
[2017.10.27-16.54.40:134][859]LogModuleManager: Shutting down and abandoning module StreamingPauseRendering (344)
[2017.10.27-16.54.40:134][859]LogModuleManager: Shutting down and abandoning module AnalyticsET (342)
[2017.10.27-16.54.40:134][859]LogModuleManager: Shutting down and abandoning module PortalServices (340)
[2017.10.27-16.54.40:134][859]LogModuleManager: Shutting down and abandoning module PortalRpc (338)
[2017.10.27-16.54.40:134][859]LogModuleManager: Shutting down and abandoning module MessagingRpc (336)
[2017.10.27-16.54.40:134][859]LogModuleManager: Shutting down and abandoning module AIModule (334)
[2017.10.27-16.54.40:134][859]LogModuleManager: Shutting down and abandoning module GameplayDebugger (333)
[2017.10.27-16.54.40:143][859]LogModuleManager: Shutting down and abandoning module AITestSuite (331)
[2017.10.27-16.54.40:169][859]LogModuleManager: Shutting down and abandoning module ProfilerService (328)
[2017.10.27-16.54.40:327][859]LogModuleManager: Shutting down and abandoning module TaskGraph (326)
[2017.10.27-16.54.40:348][859]LogModuleManager: Shutting down and abandoning module SteamVRController (324)
[2017.10.27-16.54.40:348][859]LogModuleManager: Shutting down and abandoning module SteamVR (322)
[2017.10.27-16.54.40:348][859]LogModuleManager: Shutting down and abandoning module ProceduralMeshComponentEditor (320)
[2017.10.27-16.54.40:348][859]LogModuleManager: Shutting down and abandoning module ProceduralMeshComponent (318)
[2017.10.27-16.54.40:360][859]LogModuleManager: Shutting down and abandoning module OculusLibrary (316)
[2017.10.27-16.54.40:360][859]LogModuleManager: Shutting down and abandoning module OculusInput (314)
[2017.10.27-16.54.40:360][859]LogModuleManager: Shutting down and abandoning module MobilePatchingUtils (312)
[2017.10.27-16.54.40:360][859]LogModuleManager: Shutting down and abandoning module CustomMeshComponent (310)
[2017.10.27-16.54.40:360][859]LogModuleManager: Shutting down and abandoning module CableComponent (308)
[2017.10.27-16.54.40:360][859]LogModuleManager: Shutting down and abandoning module ArchVisCharacter (306)
[2017.10.27-16.54.40:360][859]LogModuleManager: Shutting down and abandoning module AndroidPermission (304)
[2017.10.27-16.54.40:360][859]LogModuleManager: Shutting down and abandoning module MediaPlayerEditor (300)
[2017.10.27-16.54.40:404][859]LogModuleManager: Shutting down and abandoning module HTML5Networking (298)
[2017.10.27-16.54.40:404][859]LogModuleManager: Shutting down and abandoning module AlembicImporter (296)
[2017.10.27-16.54.40:419][859]LogModuleManager: Shutting down and abandoning module AlembicLibrary (295)
[2017.10.27-16.54.40:419][859]LogModuleManager: Shutting down and abandoning module GeometryCache (294)
[2017.10.27-16.54.40:419][859]LogModuleManager: Shutting down and abandoning module GeometryCacheEd (293)
[2017.10.27-16.54.40:419][859]LogModuleManager: Shutting down and abandoning module SuperSearchEditor (288)
[2017.10.27-16.54.40:419][859]LogModuleManager: Shutting down and abandoning module SuperSearch (287)
[2017.10.27-16.54.40:419][859]LogModuleManager: Shutting down and abandoning module SpeedTreeImporter (284)
[2017.10.27-16.54.40:419][859]LogModuleManager: Shutting down and abandoning module PluginBrowser (282)
[2017.10.27-16.54.40:477][859]LogModuleManager: Shutting down and abandoning module MobileLauncherProfileWizard (280)
[2017.10.27-16.54.40:502][859]LogModuleManager: Shutting down and abandoning module VisualStudioSourceCodeAccess (278)
[2017.10.27-16.54.40:502][859]LogModuleManager: Shutting down and abandoning module DesktopPlatform (277)
[2017.10.27-16.54.40:502][859]LogModuleManager: Shutting down and abandoning module UObjectPlugin (274)
[2017.10.27-16.54.40:502][859]LogModuleManager: Shutting down and abandoning module SubversionSourceControl (272)
[2017.10.27-16.54.40:524][859]LogModuleManager: Shutting down and abandoning module PerforceSourceControl (270)
[2017.10.27-16.54.40:537][859]LogModuleManager: Shutting down and abandoning module GitSourceControl (268)
[2017.10.27-16.54.40:537][859]LogModuleManager: Shutting down and abandoning module SourceControl (267)
[2017.10.27-16.54.40:537][859]LogModuleManager: Shutting down and abandoning module LightPropagationVolumeEditor (264)
[2017.10.27-16.54.40:537][859]LogModuleManager: Shutting down and abandoning module PaperTiledImporter (262)
[2017.10.27-16.54.40:537][859]LogModuleManager: Shutting down and abandoning module PaperSpriteSheetImporter (260)
[2017.10.27-16.54.40:537][859]LogModuleManager: Shutting down and abandoning module Paper2DEditor (258)
[2017.10.27-16.54.40:557][859]LogModuleManager: Shutting down and abandoning module MeshPaint (257)
[2017.10.27-16.54.40:616][859]LogModuleManager: Shutting down and abandoning module LevelEditor (255)
[2017.10.27-16.54.40:627][859]LogModuleManager: Shutting down and abandoning module PixelInspectorModule (254)
[2017.10.27-16.54.40:640][859]LogModuleManager: Shutting down and abandoning module MainFrame (252)
[2017.10.27-16.54.40:646][859]LogModuleManager: Shutting down and abandoning module HotReload (251)
[2017.10.27-16.54.40:661][859]LogModuleManager: Shutting down and abandoning module PhysXVehiclesEditor (246)
[2017.10.27-16.54.40:673][859]LogModuleManager: Shutting down and abandoning module PhysXVehicles (244)
[2017.10.27-16.54.40:673][859]LogModuleManager: Shutting down and abandoning module LocationServicesBPLibrary (242)
[2017.10.27-16.54.40:673][859]LogModuleManager: Shutting down and abandoning module ImmediatePhysicsEditor (240)
[2017.10.27-16.54.40:673][859]LogModuleManager: Shutting down and abandoning module ImmediatePhysics (238)
[2017.10.27-16.54.40:683][859]LogModuleManager: Shutting down and abandoning module UdpMessaging (236)
[2017.10.27-16.54.40:783][859]LogModuleManager: Shutting down and abandoning module TcpMessaging (234)
[2017.10.27-16.54.40:901][859]LogModuleManager: Shutting down and abandoning module GameplayTagsEditor (232)
[2017.10.27-16.54.40:929][859]LogModuleManager: Shutting down and abandoning module FacialAnimationEditor (230)
[2017.10.27-16.54.40:929][859]LogModuleManager: Shutting down and abandoning module FacialAnimation (228)
[2017.10.27-16.54.40:929][859]LogModuleManager: Shutting down and abandoning module AssetManagerEditor (226)
[2017.10.27-16.54.40:931][859]LogModuleManager: Shutting down and abandoning module GraphEditor (225)
[2017.10.27-16.54.40:984][859]LogModuleManager: Shutting down and abandoning module ContentBrowser (223)
[2017.10.27-16.54.40:986][859]LogModuleManager: Shutting down and abandoning module LightPropagationVolumeRuntime (220)
[2017.10.27-16.54.40:986][859]LogModuleManager: Shutting down and abandoning module Paper2D (218)
[2017.10.27-16.54.41:005][859]LogModuleManager: Shutting down and abandoning module WindowsMoviePlayer (216)
[2017.10.27-16.54.41:005][859]LogModuleManager: Shutting down and abandoning module WmfMedia (214)
[2017.10.27-16.54.41:007][859]LogModuleManager: Shutting down and abandoning module ClothingSystemEditor (212)
[2017.10.27-16.54.41:007][859]LogModuleManager: Shutting down and abandoning module ClothingSystemRuntime (210)
[2017.10.27-16.54.41:037][859]LogModuleManager: Shutting down and abandoning module MediaAssets (208)
[2017.10.27-16.54.41:037][859]LogModuleManager: Shutting down and abandoning module GameLiveStreaming (206)
[2017.10.27-16.54.41:058][859]LogModuleManager: Shutting down and abandoning module VREditor (204)
[2017.10.27-16.54.41:077][859]LogModuleManager: Shutting down and abandoning module StringTableEditor (202)
[2017.10.27-16.54.41:090][859]LogModuleManager: Shutting down and abandoning module GameplayTasksEditor (200)
[2017.10.27-16.54.41:090][859]LogModuleManager: Shutting down and abandoning module BehaviorTreeEditor (198)
[2017.10.27-16.54.41:132][859]LogModuleManager: Shutting down and abandoning module FunctionalTesting (196)
[2017.10.27-16.54.41:132][859]LogModuleManager: Shutting down and abandoning module CollisionAnalyzer (194)
[2017.10.27-16.54.41:144][859]LogModuleManager: Shutting down and abandoning module UMG (192)
[2017.10.27-16.54.41:156][859]LogModuleManager: Shutting down and abandoning module UMGEditor (191)
[2017.10.27-16.54.41:223][859]LogModuleManager: Shutting down and abandoning module Sequencer (190)
[2017.10.27-16.54.41:275][859]LogModuleManager: Shutting down and abandoning module AssetTools (188)
[2017.10.27-16.54.41:353][859]LogModuleManager: Shutting down and abandoning module MessageLog (187)
[2017.10.27-16.54.41:353][859]LogModuleManager: Shutting down and abandoning module WorkspaceMenuStructure (186)
[2017.10.27-16.54.41:353][859]LogModuleManager: Shutting down and abandoning module SlateReflector (180)
[2017.10.27-16.54.41:413][859]LogModuleManager: Shutting down and abandoning module Slate (178)
[2017.10.27-16.54.41:413][859]LogModuleManager: Shutting down and abandoning module EditorStyle (176)
[2017.10.27-16.54.41:415][859]LogModuleManager: Shutting down and abandoning module SourceCodeAccess (174)
[2017.10.27-16.54.41:415][859]LogModuleManager: Shutting down and abandoning module HeadMountedDisplay (172)
[2017.10.27-16.54.41:415][859]LogModuleManager: Shutting down and abandoning module XAudio2 (170)
[2017.10.27-16.54.41:415][859]LogModuleManager: Shutting down and abandoning module Networking (168)
[2017.10.27-16.54.41:415][859]LogModuleManager: Shutting down and abandoning module Core (164)
[2017.10.27-16.54.41:415][859]LogModuleManager: Shutting down and abandoning module AssetRegistry (162)
[2017.10.27-16.54.41:611][859]LogDirectoryWatcher: A directory notification for '../../../Engine/Content/' was aborted.
[2017.10.27-16.54.41:611][859]LogDirectoryWatcher: A directory notification for 'E:/workspace/UE4/Team/BombMan3D/Content/' was aborted.
[2017.10.27-16.54.41:611][859]LogDirectoryWatcher: A directory notification for '../../../Engine/Plugins/2D/Paper2D/Content/' was aborted.
[2017.10.27-16.54.41:611][859]LogDirectoryWatcher: A directory notification for '../../../Engine/Plugins/Runtime/GearVR/Content/' was aborted.
[2017.10.27-16.54.41:729][859]LogModuleManager: Shutting down and abandoning module DirectoryWatcher (161)
[2017.10.27-16.54.41:732][859]LogModuleManager: Shutting down and abandoning module KismetCompiler (158)
[2017.10.27-16.54.41:732][859]LogModuleManager: Shutting down and abandoning module LevelSequence (156)
[2017.10.27-16.54.41:732][859]LogModuleManager: Shutting down and abandoning module PhysXFormats (154)
[2017.10.27-16.54.41:732][859]LogModuleManager: Shutting down and abandoning module MeshUtilities (152)
[2017.10.27-16.54.41:772][859]LogModuleManager: Shutting down and abandoning module SimplygonSwarm (151)
[2017.10.27-16.54.41:791][859]LogModuleManager: Shutting down and abandoning module SimplygonMeshReduction (149)
[2017.10.27-16.54.41:791][859]LogModuleManager: Shutting down and abandoning module QuadricMeshReduction (147)
[2017.10.27-16.54.41:792][859]LogModuleManager: Shutting down and abandoning module DerivedDataCache (144)
[2017.10.27-16.54.41:876][859]LogDerivedDataCache: Shutdown
[2017.10.27-16.54.41:884][859]LogModuleManager: Shutting down and abandoning module TargetPlatform (142)
[2017.10.27-16.54.41:884][859]LogModuleManager: Shutting down and abandoning module VulkanShaderFormat (141)
[2017.10.27-16.54.41:894][859]LogModuleManager: Shutting down and abandoning module ShaderFormatVectorVM (139)
[2017.10.27-16.54.41:914][859]LogModuleManager: Shutting down and abandoning module ShaderFormatOpenGL (137)
[2017.10.27-16.54.41:931][859]LogModuleManager: Shutting down and abandoning module ShaderFormatD3D (135)
[2017.10.27-16.54.41:931][859]LogModuleManager: Shutting down and abandoning module MetalShaderFormat (133)
[2017.10.27-16.54.41:951][859]LogModuleManager: Shutting down and abandoning module TextureFormatUncompressed (131)
[2017.10.27-16.54.41:951][859]LogModuleManager: Shutting down and abandoning module TextureFormatPVR (129)
[2017.10.27-16.54.41:951][859]LogModuleManager: Shutting down and abandoning module TextureFormatDXT (127)
[2017.10.27-16.54.41:951][859]LogModuleManager: Shutting down and abandoning module TextureFormatIntelISPCTexComp (125)
[2017.10.27-16.54.41:951][859]LogModuleManager: Shutting down and abandoning module TextureFormatASTC (123)
[2017.10.27-16.54.41:951][859]LogModuleManager: Shutting down and abandoning module ImageWrapper (122)
[2017.10.27-16.54.41:951][859]LogModuleManager: Shutting down and abandoning module TextureFormatAndroid (119)
[2017.10.27-16.54.41:951][859]LogModuleManager: Shutting down and abandoning module AudioFormatOpus (117)
[2017.10.27-16.54.41:951][859]LogModuleManager: Shutting down and abandoning module AudioFormatOgg (115)
[2017.10.27-16.54.41:951][859]LogModuleManager: Shutting down and abandoning module AudioFormatADPCM (113)
[2017.10.27-16.54.41:951][859]LogModuleManager: Shutting down and abandoning module LinuxTargetPlatform (111)
[2017.10.27-16.54.41:951][859]LogModuleManager: Shutting down and abandoning module LinuxServerTargetPlatform (109)
[2017.10.27-16.54.41:951][859]LogModuleManager: Shutting down and abandoning module LinuxNoEditorTargetPlatform (107)
[2017.10.27-16.54.41:951][859]LogModuleManager: Shutting down and abandoning module LinuxClientTargetPlatform (105)
[2017.10.27-16.54.41:951][859]LogModuleManager: Shutting down and abandoning module TVOSTargetPlatform (103)
[2017.10.27-16.54.41:951][859]LogModuleManager: Shutting down and abandoning module Messaging (101)
[2017.10.27-16.54.41:951][859]LogModuleManager: Shutting down and abandoning module IOSTargetPlatform (99)
[2017.10.27-16.54.41:951][859]LogModuleManager: Shutting down and abandoning module HTML5TargetPlatform (97)
[2017.10.27-16.54.41:951][859]LogModuleManager: Shutting down and abandoning module Android_PVRTCTargetPlatform (95)
[2017.10.27-16.54.41:951][859]LogModuleManager: Shutting down and abandoning module Android_MultiTargetPlatform (93)
[2017.10.27-16.54.41:951][859]LogModuleManager: Shutting down and abandoning module Android_ETC2TargetPlatform (91)
[2017.10.27-16.54.41:951][859]LogModuleManager: Shutting down and abandoning module Android_ETC1TargetPlatform (89)
[2017.10.27-16.54.41:951][859]LogModuleManager: Shutting down and abandoning module Android_DXTTargetPlatform (87)
[2017.10.27-16.54.41:951][859]LogModuleManager: Shutting down and abandoning module Android_ATCTargetPlatform (85)
[2017.10.27-16.54.41:951][859]LogModuleManager: Shutting down and abandoning module Android_ASTCTargetPlatform (83)
[2017.10.27-16.54.41:951][859]LogModuleManager: Shutting down and abandoning module AndroidTargetPlatform (81)
[2017.10.27-16.54.41:951][859]LogModuleManager: Shutting down and abandoning module WindowsTargetPlatform (79)
[2017.10.27-16.54.41:951][859]LogModuleManager: Shutting down and abandoning module WindowsServerTargetPlatform (77)
[2017.10.27-16.54.41:952][859]LogModuleManager: Shutting down and abandoning module WindowsNoEditorTargetPlatform (75)
[2017.10.27-16.54.41:952][859]LogModuleManager: Shutting down and abandoning module WindowsClientTargetPlatform (73)
[2017.10.27-16.54.41:952][859]LogModuleManager: Shutting down and abandoning module MacTargetPlatform (71)
[2017.10.27-16.54.41:952][859]LogModuleManager: Shutting down and abandoning module MacServerTargetPlatform (69)
[2017.10.27-16.54.41:952][859]LogModuleManager: Shutting down and abandoning module MacNoEditorTargetPlatform (67)
[2017.10.27-16.54.41:952][859]LogModuleManager: Shutting down and abandoning module MacClientTargetPlatform (65)
[2017.10.27-16.54.41:952][859]LogModuleManager: Shutting down and abandoning module AllDesktopTargetPlatform (63)
[2017.10.27-16.54.41:952][859]LogModuleManager: Shutting down and abandoning module InputCore (60)
[2017.10.27-16.54.41:952][859]LogModuleManager: Shutting down and abandoning module Settings (58)
[2017.10.27-16.54.41:952][859]LogModuleManager: Shutting down and abandoning module OculusRift (56)
[2017.10.27-16.54.41:971][859]LogModuleManager: Shutting down and abandoning module GearVRController (54)
[2017.10.27-16.54.41:971][859]LogModuleManager: Shutting down and abandoning module GearVR (52)
[2017.10.27-16.54.41:989][859]LogModuleManager: Shutting down and abandoning module ExampleDeviceProfileSelector (50)
[2017.10.27-16.54.41:989][859]LogModuleManager: Shutting down and abandoning module OnlineBlueprintSupport (48)
[2017.10.27-16.54.41:989][859]LogModuleManager: Shutting down and abandoning module OnlineSubsystem (44)
[2017.10.27-16.54.41:989][859]LogOnline:Display: Unloading online subsystem: NULL
[2017.10.27-16.54.42:018][859]LogModuleManager: Shutting down and abandoning module XMPP (43)
[2017.10.27-16.54.42:029][859]LogModuleManager: Shutting down and abandoning module HTTP (41)
[2017.10.27-16.54.42:029][859]LogHttp:Display: Http module shutting down, but needs to wait on 1 outstanding Http requests:
[2017.10.27-16.54.42:037][859]LogHttp:Display: 	verb=[POST] url=[https://datarouter.ol.epicgames.com/datarouter/api/v1/public/data?SessionID=%7B392A89F2-404C-90FB-32B8-6487FA0DCDB3%7D&AppID=UEEditor.Rocket.Release&AppVersion=4.16.3-3561208%2B%2B%2BUE4%2BRelease-4.16&UserID=440f0baa4fc28553089d5e86525b62da%7C79e88dc29fa94ba1989654441c84ec6f%7C3ae314cb-4d6c-45a4-a76b-368a735b4b92&AppEnvironment=datacollector-binary&UploadType=eteventstream] status=Processing
[2017.10.27-16.54.42:061][859]LogModuleManager: Shutting down and abandoning module SSL (40)
[2017.10.27-16.54.42:089][859]LogModuleManager: Shutting down and abandoning module HTTPChunkInstaller (36)
[2017.10.27-16.54.42:112][859]LogModuleManager: Shutting down and abandoning module AnimationModifiers (34)
[2017.10.27-16.54.42:123][859]LogModuleManager: Shutting down and abandoning module PropertyEditor (33)
[2017.10.27-16.54.42:138][859]LogModuleManager: Shutting down and abandoning module AudioEditor (30)
[2017.10.27-16.54.42:151][859]LogModuleManager: Shutting down and abandoning module TextureCompressor (28)
[2017.10.27-16.54.42:151][859]LogModuleManager: Shutting down and abandoning module ShaderCore (26)
[2017.10.27-16.54.42:151][859]LogModuleManager: Shutting down and abandoning module Landscape (24)
[2017.10.27-16.54.42:151][859]LogModuleManager: Shutting down and abandoning module SlateRHIRenderer (22)
[2017.10.27-16.54.42:157][859]LogModuleManager: Shutting down and abandoning module OpenGLDrv (20)
[2017.10.27-16.54.42:172][859]LogModuleManager: Shutting down and abandoning module D3D11RHI (18)
[2017.10.27-16.54.42:172][859]LogModuleManager: Shutting down and abandoning module AnimGraphRuntime (16)
[2017.10.27-16.54.42:198][859]LogModuleManager: Shutting down and abandoning module Renderer (14)
[2017.10.27-16.54.42:199][859]LogModuleManager: Shutting down and abandoning module Engine (12)
[2017.10.27-16.54.42:199][859]LogModuleManager: Shutting down and abandoning module CoreUObject (10)
[2017.10.27-16.54.42:199][859]LogModuleManager: Shutting down and abandoning module NetworkFile (8)
[2017.10.27-16.54.42:199][859]LogModuleManager: Shutting down and abandoning module StreamingFile (6)
[2017.10.27-16.54.42:199][859]LogModuleManager: Shutting down and abandoning module SandboxFile (4)
[2017.10.27-16.54.42:199][859]LogModuleManager: Shutting down and abandoning module PakFile (2)
[2017.10.27-16.54.42:201][859]LogExit: Exiting.
[2017.10.27-16.54.42:214][859]Log file closed, 10/28/17 00:54:42
